TN:
SF:C:\git\opviewer\src\polyfills.ts
FNF:0
FNH:0
DA:22,1
DA:23,1
DA:24,1
DA:25,1
DA:26,1
DA:27,1
DA:28,1
DA:29,1
DA:30,1
DA:31,1
DA:32,1
DA:33,1
DA:34,1
DA:35,1
DA:38,1
DA:41,1
DA:56,1
LF:17
LH:17
BRF:0
BRH:0
end_of_record
TN:
SF:C:\git\opviewer\src\test.ts
FN:20,(anonymous_0)
FNF:1
FNH:1
FNDA:1,(anonymous_0)
DA:3,1
DA:4,1
DA:5,1
DA:6,1
DA:7,1
DA:8,1
DA:9,1
DA:10,1
DA:20,1
DA:23,1
DA:28,1
DA:30,1
DA:32,1
LF:13
LH:13
BRF:0
BRH:0
end_of_record
TN:
SF:C:\git\opviewer\src\app\app-routing.module.ts
FN:18,(anonymous_1)
FNF:1
FNH:1
FNDA:1,(anonymous_1)
DA:1,1
DA:2,1
DA:4,1
DA:6,1
DA:18,1
LF:5
LH:5
BRF:0
BRH:0
end_of_record
TN:
SF:C:\git\opviewer\src\app\app.component.ts
FN:10,(anonymous_2)
FN:11,AppComponent
FN:13,(anonymous_4)
FN:15,(anonymous_5)
FN:23,(anonymous_6)
FNF:5
FNH:3
FNDA:1,(anonymous_2)
FNDA:1,AppComponent
FNDA:1,(anonymous_4)
FNDA:0,(anonymous_5)
FNDA:0,(anonymous_6)
DA:1,1
DA:10,1
DA:13,1
DA:15,1
DA:17,0
DA:18,0
DA:19,0
DA:20,0
DA:23,1
DA:25,0
DA:26,0
DA:27,0
DA:28,0
DA:32,1
LF:14
LH:6
BRF:0
BRH:0
end_of_record
TN:
SF:C:\git\opviewer\src\app\app.module.ts
FN:22,createTranslateLoader
FN:52,(anonymous_2)
FNF:2
FNH:1
FNDA:0,createTranslateLoader
FNDA:2,(anonymous_2)
DA:1,1
DA:2,1
DA:3,1
DA:4,1
DA:5,1
DA:6,1
DA:7,1
DA:8,1
DA:10,1
DA:11,1
DA:12,1
DA:13,1
DA:14,1
DA:15,1
DA:16,1
DA:17,1
DA:18,1
DA:20,1
DA:22,1
DA:25,0
DA:52,1
LF:21
LH:20
BRF:0
BRH:0
end_of_record
TN:
SF:C:\git\opviewer\src\app\auth.service.ts
FN:8,(anonymous_2)
FN:14,AuthService
FN:16,(anonymous_4)
FN:20,(anonymous_5)
FN:24,(anonymous_6)
FN:28,(anonymous_7)
FN:31,(anonymous_8)
FN:33,(anonymous_9)
FN:36,(anonymous_10)
FN:38,(anonymous_11)
FNF:10
FNH:2
FNDA:1,(anonymous_2)
FNDA:2,AuthService
FNDA:0,(anonymous_4)
FNDA:0,(anonymous_5)
FNDA:0,(anonymous_6)
FNDA:0,(anonymous_7)
FNDA:0,(anonymous_8)
FNDA:0,(anonymous_9)
FNDA:0,(anonymous_10)
FNDA:0,(anonymous_11)
DA:1,1
DA:2,1
DA:3,1
DA:4,1
DA:5,1
DA:8,1
DA:9,2
DA:10,2
DA:11,2
DA:12,2
DA:14,2
DA:16,1
DA:17,0
DA:20,1
DA:21,0
DA:24,1
DA:25,0
DA:26,0
DA:27,0
DA:28,0
DA:31,1
DA:32,0
DA:33,0
DA:36,1
DA:37,0
DA:38,0
DA:40,1
LF:27
LH:17
BRF:0
BRH:0
end_of_record
TN:
SF:C:\git\opviewer\src\app\can-deactivate.guard.ts
FN:14,(anonymous_1)
FN:16,(anonymous_3)
FNF:2
FNH:1
FNDA:2,(anonymous_1)
FNDA:0,(anonymous_3)
DA:1,1
DA:14,1
DA:16,1
DA:28,0
DA:29,0
DA:33,0
DA:35,1
LF:7
LH:4
BRDA:28,0,0,0
BRDA:28,0,1,0
BRF:2
BRH:0
end_of_record
TN:
SF:C:\git\opviewer\src\app\common.service.ts
FN:19,(anonymous_2)
FN:21,CommonService
FN:23,(anonymous_4)
FN:31,(anonymous_5)
FN:39,(anonymous_6)
FN:43,(anonymous_7)
FN:45,(anonymous_8)
FN:48,(anonymous_9)
FN:50,(anonymous_10)
FN:53,(anonymous_11)
FN:55,(anonymous_12)
FN:58,(anonymous_13)
FN:60,(anonymous_14)
FN:63,(anonymous_15)
FN:65,(anonymous_16)
FN:68,(anonymous_17)
FN:70,(anonymous_18)
FN:73,(anonymous_19)
FN:75,(anonymous_20)
FN:78,(anonymous_21)
FN:81,(anonymous_22)
FN:84,(anonymous_23)
FN:88,(anonymous_24)
FN:90,(anonymous_25)
FN:96,(anonymous_26)
FN:98,(anonymous_27)
FN:100,(anonymous_28)
FN:112,(anonymous_29)
FN:114,(anonymous_30)
FN:117,(anonymous_31)
FN:119,(anonymous_32)
FN:122,(anonymous_33)
FN:124,(anonymous_34)
FN:127,(anonymous_35)
FN:129,(anonymous_36)
FN:132,(anonymous_37)
FN:134,(anonymous_38)
FN:137,(anonymous_39)
FN:139,(anonymous_40)
FN:142,(anonymous_41)
FN:144,(anonymous_42)
FN:147,(anonymous_43)
FN:149,(anonymous_44)
FN:152,(anonymous_45)
FN:154,(anonymous_46)
FN:157,(anonymous_47)
FN:159,(anonymous_48)
FN:162,(anonymous_49)
FN:164,(anonymous_50)
FN:167,(anonymous_51)
FN:169,(anonymous_52)
FN:172,(anonymous_53)
FN:174,(anonymous_54)
FN:177,(anonymous_55)
FN:183,(anonymous_56)
FN:186,(anonymous_57)
FN:188,(anonymous_58)
FN:191,(anonymous_59)
FN:194,(anonymous_60)
FN:197,(anonymous_61)
FN:200,(anonymous_62)
FN:203,(anonymous_63)
FN:205,(anonymous_64)
FN:208,(anonymous_65)
FN:210,(anonymous_66)
FN:213,(anonymous_67)
FN:215,(anonymous_68)
FN:218,(anonymous_69)
FN:220,(anonymous_70)
FN:223,(anonymous_71)
FN:225,(anonymous_72)
FN:228,(anonymous_73)
FN:230,(anonymous_74)
FN:233,(anonymous_75)
FN:235,(anonymous_76)
FN:238,(anonymous_77)
FN:240,(anonymous_78)
FN:243,(anonymous_79)
FN:245,(anonymous_80)
FN:248,(anonymous_81)
FN:250,(anonymous_82)
FN:253,(anonymous_83)
FN:255,(anonymous_84)
FN:258,(anonymous_85)
FN:260,(anonymous_86)
FN:263,(anonymous_87)
FN:265,(anonymous_88)
FN:268,(anonymous_89)
FN:270,(anonymous_90)
FN:273,(anonymous_91)
FN:275,(anonymous_92)
FN:278,(anonymous_93)
FN:280,(anonymous_94)
FN:283,(anonymous_95)
FN:285,(anonymous_96)
FN:288,(anonymous_97)
FN:290,(anonymous_98)
FN:293,(anonymous_99)
FN:295,(anonymous_100)
FN:298,(anonymous_101)
FN:300,(anonymous_102)
FN:303,(anonymous_103)
FN:305,(anonymous_104)
FN:308,(anonymous_105)
FN:310,(anonymous_106)
FN:313,(anonymous_107)
FN:315,(anonymous_108)
FN:318,(anonymous_109)
FN:320,(anonymous_110)
FN:323,(anonymous_111)
FN:325,(anonymous_112)
FN:328,(anonymous_113)
FN:330,(anonymous_114)
FN:333,(anonymous_115)
FN:340,(anonymous_116)
FN:343,(anonymous_117)
FN:345,(anonymous_118)
FN:348,(anonymous_119)
FN:350,(anonymous_120)
FN:353,(anonymous_121)
FN:355,(anonymous_122)
FN:358,(anonymous_123)
FN:360,(anonymous_124)
FN:363,(anonymous_125)
FN:365,(anonymous_126)
FN:368,(anonymous_127)
FN:370,(anonymous_128)
FN:373,(anonymous_129)
FN:375,(anonymous_130)
FN:378,(anonymous_131)
FN:380,(anonymous_132)
FN:383,(anonymous_133)
FN:385,(anonymous_134)
FN:388,(anonymous_135)
FN:390,(anonymous_136)
FN:393,(anonymous_137)
FN:395,(anonymous_138)
FN:398,(anonymous_139)
FN:400,(anonymous_140)
FN:403,(anonymous_141)
FN:405,(anonymous_142)
FN:408,(anonymous_143)
FN:410,(anonymous_144)
FN:413,(anonymous_145)
FN:415,(anonymous_146)
FN:418,(anonymous_147)
FN:420,(anonymous_148)
FN:423,(anonymous_149)
FN:425,(anonymous_150)
FN:428,(anonymous_151)
FN:430,(anonymous_152)
FN:433,(anonymous_153)
FN:435,(anonymous_154)
FN:438,(anonymous_155)
FN:440,(anonymous_156)
FN:443,(anonymous_157)
FN:445,(anonymous_158)
FN:448,(anonymous_159)
FN:450,(anonymous_160)
FN:453,(anonymous_161)
FN:455,(anonymous_162)
FN:458,(anonymous_163)
FN:460,(anonymous_164)
FN:463,(anonymous_165)
FN:465,(anonymous_166)
FN:468,(anonymous_167)
FN:470,(anonymous_168)
FN:473,(anonymous_169)
FN:475,(anonymous_170)
FN:478,(anonymous_171)
FN:480,(anonymous_172)
FN:483,(anonymous_173)
FN:485,(anonymous_174)
FN:488,(anonymous_175)
FN:490,(anonymous_176)
FN:493,(anonymous_177)
FN:495,(anonymous_178)
FN:498,(anonymous_179)
FN:500,(anonymous_180)
FN:503,(anonymous_181)
FN:505,(anonymous_182)
FN:508,(anonymous_183)
FN:510,(anonymous_184)
FN:513,(anonymous_185)
FN:515,(anonymous_186)
FN:518,(anonymous_187)
FN:520,(anonymous_188)
FN:523,(anonymous_189)
FN:525,(anonymous_190)
FN:528,(anonymous_191)
FN:530,(anonymous_192)
FN:533,(anonymous_193)
FN:535,(anonymous_194)
FN:538,(anonymous_195)
FN:540,(anonymous_196)
FN:543,(anonymous_197)
FN:545,(anonymous_198)
FN:547,(anonymous_199)
FN:549,(anonymous_200)
FN:552,(anonymous_201)
FN:568,(anonymous_202)
FN:571,(anonymous_203)
FN:576,(anonymous_204)
FN:585,(anonymous_205)
FN:591,(anonymous_206)
FN:596,(anonymous_207)
FN:604,(anonymous_208)
FN:607,(anonymous_209)
FN:609,(anonymous_210)
FN:612,(anonymous_211)
FN:614,(anonymous_212)
FN:617,(anonymous_213)
FN:621,(anonymous_214)
FN:623,(anonymous_215)
FNF:214
FNH:2
FNDA:1,(anonymous_2)
FNDA:92,CommonService
FNDA:0,(anonymous_4)
FNDA:0,(anonymous_5)
FNDA:0,(anonymous_6)
FNDA:0,(anonymous_7)
FNDA:0,(anonymous_8)
FNDA:0,(anonymous_9)
FNDA:0,(anonymous_10)
FNDA:0,(anonymous_11)
FNDA:0,(anonymous_12)
FNDA:0,(anonymous_13)
FNDA:0,(anonymous_14)
FNDA:0,(anonymous_15)
FNDA:0,(anonymous_16)
FNDA:0,(anonymous_17)
FNDA:0,(anonymous_18)
FNDA:0,(anonymous_19)
FNDA:0,(anonymous_20)
FNDA:0,(anonymous_21)
FNDA:0,(anonymous_22)
FNDA:0,(anonymous_23)
FNDA:0,(anonymous_24)
FNDA:0,(anonymous_25)
FNDA:0,(anonymous_26)
FNDA:0,(anonymous_27)
FNDA:0,(anonymous_28)
FNDA:0,(anonymous_29)
FNDA:0,(anonymous_30)
FNDA:0,(anonymous_31)
FNDA:0,(anonymous_32)
FNDA:0,(anonymous_33)
FNDA:0,(anonymous_34)
FNDA:0,(anonymous_35)
FNDA:0,(anonymous_36)
FNDA:0,(anonymous_37)
FNDA:0,(anonymous_38)
FNDA:0,(anonymous_39)
FNDA:0,(anonymous_40)
FNDA:0,(anonymous_41)
FNDA:0,(anonymous_42)
FNDA:0,(anonymous_43)
FNDA:0,(anonymous_44)
FNDA:0,(anonymous_45)
FNDA:0,(anonymous_46)
FNDA:0,(anonymous_47)
FNDA:0,(anonymous_48)
FNDA:0,(anonymous_49)
FNDA:0,(anonymous_50)
FNDA:0,(anonymous_51)
FNDA:0,(anonymous_52)
FNDA:0,(anonymous_53)
FNDA:0,(anonymous_54)
FNDA:0,(anonymous_55)
FNDA:0,(anonymous_56)
FNDA:0,(anonymous_57)
FNDA:0,(anonymous_58)
FNDA:0,(anonymous_59)
FNDA:0,(anonymous_60)
FNDA:0,(anonymous_61)
FNDA:0,(anonymous_62)
FNDA:0,(anonymous_63)
FNDA:0,(anonymous_64)
FNDA:0,(anonymous_65)
FNDA:0,(anonymous_66)
FNDA:0,(anonymous_67)
FNDA:0,(anonymous_68)
FNDA:0,(anonymous_69)
FNDA:0,(anonymous_70)
FNDA:0,(anonymous_71)
FNDA:0,(anonymous_72)
FNDA:0,(anonymous_73)
FNDA:0,(anonymous_74)
FNDA:0,(anonymous_75)
FNDA:0,(anonymous_76)
FNDA:0,(anonymous_77)
FNDA:0,(anonymous_78)
FNDA:0,(anonymous_79)
FNDA:0,(anonymous_80)
FNDA:0,(anonymous_81)
FNDA:0,(anonymous_82)
FNDA:0,(anonymous_83)
FNDA:0,(anonymous_84)
FNDA:0,(anonymous_85)
FNDA:0,(anonymous_86)
FNDA:0,(anonymous_87)
FNDA:0,(anonymous_88)
FNDA:0,(anonymous_89)
FNDA:0,(anonymous_90)
FNDA:0,(anonymous_91)
FNDA:0,(anonymous_92)
FNDA:0,(anonymous_93)
FNDA:0,(anonymous_94)
FNDA:0,(anonymous_95)
FNDA:0,(anonymous_96)
FNDA:0,(anonymous_97)
FNDA:0,(anonymous_98)
FNDA:0,(anonymous_99)
FNDA:0,(anonymous_100)
FNDA:0,(anonymous_101)
FNDA:0,(anonymous_102)
FNDA:0,(anonymous_103)
FNDA:0,(anonymous_104)
FNDA:0,(anonymous_105)
FNDA:0,(anonymous_106)
FNDA:0,(anonymous_107)
FNDA:0,(anonymous_108)
FNDA:0,(anonymous_109)
FNDA:0,(anonymous_110)
FNDA:0,(anonymous_111)
FNDA:0,(anonymous_112)
FNDA:0,(anonymous_113)
FNDA:0,(anonymous_114)
FNDA:0,(anonymous_115)
FNDA:0,(anonymous_116)
FNDA:0,(anonymous_117)
FNDA:0,(anonymous_118)
FNDA:0,(anonymous_119)
FNDA:0,(anonymous_120)
FNDA:0,(anonymous_121)
FNDA:0,(anonymous_122)
FNDA:0,(anonymous_123)
FNDA:0,(anonymous_124)
FNDA:0,(anonymous_125)
FNDA:0,(anonymous_126)
FNDA:0,(anonymous_127)
FNDA:0,(anonymous_128)
FNDA:0,(anonymous_129)
FNDA:0,(anonymous_130)
FNDA:0,(anonymous_131)
FNDA:0,(anonymous_132)
FNDA:0,(anonymous_133)
FNDA:0,(anonymous_134)
FNDA:0,(anonymous_135)
FNDA:0,(anonymous_136)
FNDA:0,(anonymous_137)
FNDA:0,(anonymous_138)
FNDA:0,(anonymous_139)
FNDA:0,(anonymous_140)
FNDA:0,(anonymous_141)
FNDA:0,(anonymous_142)
FNDA:0,(anonymous_143)
FNDA:0,(anonymous_144)
FNDA:0,(anonymous_145)
FNDA:0,(anonymous_146)
FNDA:0,(anonymous_147)
FNDA:0,(anonymous_148)
FNDA:0,(anonymous_149)
FNDA:0,(anonymous_150)
FNDA:0,(anonymous_151)
FNDA:0,(anonymous_152)
FNDA:0,(anonymous_153)
FNDA:0,(anonymous_154)
FNDA:0,(anonymous_155)
FNDA:0,(anonymous_156)
FNDA:0,(anonymous_157)
FNDA:0,(anonymous_158)
FNDA:0,(anonymous_159)
FNDA:0,(anonymous_160)
FNDA:0,(anonymous_161)
FNDA:0,(anonymous_162)
FNDA:0,(anonymous_163)
FNDA:0,(anonymous_164)
FNDA:0,(anonymous_165)
FNDA:0,(anonymous_166)
FNDA:0,(anonymous_167)
FNDA:0,(anonymous_168)
FNDA:0,(anonymous_169)
FNDA:0,(anonymous_170)
FNDA:0,(anonymous_171)
FNDA:0,(anonymous_172)
FNDA:0,(anonymous_173)
FNDA:0,(anonymous_174)
FNDA:0,(anonymous_175)
FNDA:0,(anonymous_176)
FNDA:0,(anonymous_177)
FNDA:0,(anonymous_178)
FNDA:0,(anonymous_179)
FNDA:0,(anonymous_180)
FNDA:0,(anonymous_181)
FNDA:0,(anonymous_182)
FNDA:0,(anonymous_183)
FNDA:0,(anonymous_184)
FNDA:0,(anonymous_185)
FNDA:0,(anonymous_186)
FNDA:0,(anonymous_187)
FNDA:0,(anonymous_188)
FNDA:0,(anonymous_189)
FNDA:0,(anonymous_190)
FNDA:0,(anonymous_191)
FNDA:0,(anonymous_192)
FNDA:0,(anonymous_193)
FNDA:0,(anonymous_194)
FNDA:0,(anonymous_195)
FNDA:0,(anonymous_196)
FNDA:0,(anonymous_197)
FNDA:0,(anonymous_198)
FNDA:0,(anonymous_199)
FNDA:0,(anonymous_200)
FNDA:0,(anonymous_201)
FNDA:0,(anonymous_202)
FNDA:0,(anonymous_203)
FNDA:0,(anonymous_204)
FNDA:0,(anonymous_205)
FNDA:0,(anonymous_206)
FNDA:0,(anonymous_207)
FNDA:0,(anonymous_208)
FNDA:0,(anonymous_209)
FNDA:0,(anonymous_210)
FNDA:0,(anonymous_211)
FNDA:0,(anonymous_212)
FNDA:0,(anonymous_213)
FNDA:0,(anonymous_214)
FNDA:0,(anonymous_215)
DA:1,1
DA:2,1
DA:3,1
DA:4,1
DA:19,1
DA:21,92
DA:23,1
DA:24,0
DA:25,0
DA:26,0
DA:31,1
DA:32,0
DA:33,0
DA:34,0
DA:39,1
DA:40,0
DA:43,1
DA:44,0
DA:45,0
DA:48,1
DA:49,0
DA:50,0
DA:53,1
DA:54,0
DA:55,0
DA:58,1
DA:59,0
DA:60,0
DA:63,1
DA:64,0
DA:65,0
DA:68,1
DA:69,0
DA:70,0
DA:73,1
DA:74,0
DA:75,0
DA:78,1
DA:80,0
DA:81,0
DA:84,1
DA:88,1
DA:89,0
DA:91,0
DA:92,0
DA:96,1
DA:97,0
DA:99,0
DA:100,0
DA:101,0
DA:102,0
DA:104,0
DA:105,0
DA:108,0
DA:112,1
DA:113,0
DA:114,0
DA:117,1
DA:118,0
DA:119,0
DA:122,1
DA:123,0
DA:124,0
DA:127,1
DA:128,0
DA:129,0
DA:132,1
DA:133,0
DA:134,0
DA:137,1
DA:138,0
DA:139,0
DA:142,1
DA:143,0
DA:144,0
DA:147,1
DA:148,0
DA:149,0
DA:152,1
DA:153,0
DA:154,0
DA:157,1
DA:158,0
DA:159,0
DA:162,1
DA:163,0
DA:164,0
DA:167,1
DA:168,0
DA:169,0
DA:172,1
DA:173,0
DA:174,0
DA:177,1
DA:182,0
DA:183,0
DA:186,1
DA:187,0
DA:188,0
DA:191,1
DA:192,0
DA:193,0
DA:194,0
DA:197,1
DA:199,0
DA:200,0
DA:203,1
DA:204,0
DA:205,0
DA:208,1
DA:209,0
DA:210,0
DA:213,1
DA:214,0
DA:215,0
DA:218,1
DA:219,0
DA:220,0
DA:223,1
DA:224,0
DA:225,0
DA:228,1
DA:229,0
DA:230,0
DA:233,1
DA:234,0
DA:235,0
DA:238,1
DA:239,0
DA:240,0
DA:243,1
DA:244,0
DA:245,0
DA:248,1
DA:249,0
DA:250,0
DA:253,1
DA:254,0
DA:255,0
DA:258,1
DA:259,0
DA:260,0
DA:263,1
DA:264,0
DA:265,0
DA:268,1
DA:269,0
DA:270,0
DA:273,1
DA:274,0
DA:275,0
DA:278,1
DA:279,0
DA:280,0
DA:283,1
DA:284,0
DA:285,0
DA:288,1
DA:289,0
DA:290,0
DA:293,1
DA:294,0
DA:295,0
DA:298,1
DA:299,0
DA:300,0
DA:303,1
DA:304,0
DA:305,0
DA:308,1
DA:309,0
DA:310,0
DA:313,1
DA:314,0
DA:315,0
DA:318,1
DA:319,0
DA:320,0
DA:323,1
DA:324,0
DA:325,0
DA:328,1
DA:329,0
DA:330,0
DA:333,1
DA:339,0
DA:340,0
DA:343,1
DA:344,0
DA:345,0
DA:348,1
DA:349,0
DA:350,0
DA:353,1
DA:354,0
DA:355,0
DA:358,1
DA:359,0
DA:360,0
DA:363,1
DA:364,0
DA:365,0
DA:368,1
DA:369,0
DA:370,0
DA:373,1
DA:374,0
DA:375,0
DA:378,1
DA:379,0
DA:380,0
DA:383,1
DA:384,0
DA:385,0
DA:388,1
DA:389,0
DA:390,0
DA:393,1
DA:394,0
DA:395,0
DA:398,1
DA:399,0
DA:400,0
DA:403,1
DA:404,0
DA:405,0
DA:408,1
DA:409,0
DA:410,0
DA:413,1
DA:414,0
DA:415,0
DA:418,1
DA:419,0
DA:420,0
DA:423,1
DA:424,0
DA:425,0
DA:428,1
DA:429,0
DA:430,0
DA:433,1
DA:434,0
DA:435,0
DA:438,1
DA:439,0
DA:440,0
DA:443,1
DA:444,0
DA:445,0
DA:448,1
DA:449,0
DA:450,0
DA:453,1
DA:454,0
DA:455,0
DA:458,1
DA:459,0
DA:460,0
DA:463,1
DA:464,0
DA:465,0
DA:468,1
DA:469,0
DA:470,0
DA:473,1
DA:474,0
DA:475,0
DA:478,1
DA:479,0
DA:480,0
DA:483,1
DA:484,0
DA:485,0
DA:488,1
DA:489,0
DA:490,0
DA:493,1
DA:494,0
DA:495,0
DA:498,1
DA:499,0
DA:500,0
DA:503,1
DA:504,0
DA:505,0
DA:508,1
DA:509,0
DA:510,0
DA:513,1
DA:514,0
DA:515,0
DA:518,1
DA:519,0
DA:520,0
DA:523,1
DA:524,0
DA:525,0
DA:528,1
DA:529,0
DA:530,0
DA:533,1
DA:534,0
DA:535,0
DA:538,1
DA:539,0
DA:540,0
DA:543,1
DA:544,0
DA:545,0
DA:547,1
DA:548,0
DA:549,0
DA:552,1
DA:567,0
DA:568,0
DA:571,1
DA:575,0
DA:577,0
DA:578,0
DA:580,0
DA:585,1
DA:590,0
DA:592,0
DA:596,1
DA:603,0
DA:604,0
DA:607,1
DA:608,0
DA:609,0
DA:612,1
DA:613,0
DA:614,0
DA:617,1
DA:618,0
DA:621,1
DA:622,0
DA:623,0
DA:626,1
LF:339
LH:115
BRDA:101,0,0,0
BRDA:101,0,1,0
BRDA:104,1,0,0
BRDA:104,1,1,0
BRDA:577,2,0,0
BRDA:577,2,1,0
BRF:6
BRH:0
end_of_record
TN:
SF:C:\git\opviewer\src\app\dialog.service.ts
FN:12,(anonymous_1)
FN:17,(anonymous_3)
FNF:2
FNH:1
FNDA:3,(anonymous_1)
FNDA:0,(anonymous_3)
DA:1,1
DA:2,1
DA:12,1
DA:17,1
DA:18,0
DA:20,0
DA:22,1
LF:7
LH:5
BRDA:18,0,0,0
BRDA:18,0,1,0
BRF:2
BRH:0
end_of_record
TN:
SF:C:\git\opviewer\src\app\router.animations.ts
FN:3,routerTransition
FN:7,slideToRight
FN:22,slideToLeft
FN:37,slideToBottom
FN:52,slideToTop
FNF:5
FNH:2
FNDA:13,routerTransition
FNDA:0,slideToRight
FNDA:0,slideToLeft
FNDA:0,slideToBottom
FNDA:13,slideToTop
DA:1,1
DA:3,1
DA:4,13
DA:7,1
DA:8,0
DA:22,1
DA:23,0
DA:37,1
DA:38,0
DA:52,1
DA:53,13
LF:11
LH:8
BRF:0
BRH:0
end_of_record
TN:
SF:C:\git\opviewer\src\app\layout\layout-routing.module.ts
FN:33,(anonymous_1)
FNF:1
FNH:1
FNDA:1,(anonymous_1)
DA:1,1
DA:2,1
DA:3,1
DA:6,1
DA:33,1
LF:5
LH:5
BRF:0
BRH:0
end_of_record
TN:
SF:C:\git\opviewer\src\app\layout\layout.component.ts
FN:8,(anonymous_2)
FN:9,LayoutComponent
FN:11,(anonymous_4)
FNF:3
FNH:1
FNDA:1,(anonymous_2)
FNDA:0,LayoutComponent
FNDA:0,(anonymous_4)
DA:1,1
DA:8,1
DA:11,1
DA:12,1
LF:4
LH:4
BRF:0
BRH:0
end_of_record
TN:
SF:C:\git\opviewer\src\app\layout\layout.module.ts
FN:30,(anonymous_1)
FNF:1
FNH:1
FNDA:2,(anonymous_1)
DA:1,1
DA:2,1
DA:3,1
DA:4,1
DA:5,1
DA:7,1
DA:8,1
DA:9,1
DA:10,1
DA:11,1
DA:12,1
DA:13,1
DA:14,1
DA:30,1
LF:14
LH:14
BRF:0
BRH:0
end_of_record
TN:
SF:C:\git\opviewer\src\app\layout\TWA\fleet-log\fleet-log-routing.module.ts
FN:15,(anonymous_1)
FNF:1
FNH:1
FNDA:2,(anonymous_1)
DA:1,1
DA:2,1
DA:3,1
DA:5,1
DA:15,1
DA:16,1
LF:6
LH:6
BRF:0
BRH:0
end_of_record
TN:
SF:C:\git\opviewer\src\app\layout\TWA\fleet-log\fleet-log.component.ts
FN:18,(anonymous_2)
FN:19,FleetLogComponent
FN:45,(anonymous_4)
FN:57,(anonymous_5)
FN:83,(anonymous_6)
FN:84,(anonymous_7)
FN:87,(anonymous_8)
FN:88,(anonymous_9)
FN:91,(anonymous_10)
FN:92,(anonymous_11)
FN:95,(anonymous_12)
FN:96,(anonymous_13)
FN:99,(anonymous_14)
FN:103,(anonymous_15)
FN:107,(anonymous_16)
FN:111,(anonymous_17)
FN:115,(anonymous_18)
FN:117,(anonymous_19)
FN:124,(anonymous_20)
FN:137,(anonymous_21)
FN:142,(anonymous_22)
FN:152,(anonymous_23)
FN:153,(anonymous_24)
FN:161,(anonymous_25)
FN:162,(anonymous_26)
FN:170,(anonymous_27)
FN:188,(anonymous_28)
FN:194,(anonymous_29)
FN:202,(anonymous_30)
FNF:29
FNH:5
FNDA:1,(anonymous_2)
FNDA:1,FleetLogComponent
FNDA:1,(anonymous_4)
FNDA:1,(anonymous_5)
FNDA:0,(anonymous_6)
FNDA:0,(anonymous_7)
FNDA:0,(anonymous_8)
FNDA:0,(anonymous_9)
FNDA:0,(anonymous_10)
FNDA:0,(anonymous_11)
FNDA:0,(anonymous_12)
FNDA:0,(anonymous_13)
FNDA:0,(anonymous_14)
FNDA:0,(anonymous_15)
FNDA:0,(anonymous_16)
FNDA:0,(anonymous_17)
FNDA:0,(anonymous_18)
FNDA:0,(anonymous_19)
FNDA:1,(anonymous_20)
FNDA:0,(anonymous_21)
FNDA:0,(anonymous_22)
FNDA:0,(anonymous_23)
FNDA:0,(anonymous_24)
FNDA:0,(anonymous_25)
FNDA:0,(anonymous_26)
FNDA:0,(anonymous_27)
FNDA:0,(anonymous_28)
FNDA:0,(anonymous_29)
FNDA:0,(anonymous_30)
DA:1,1
DA:2,1
DA:3,1
DA:4,1
DA:5,1
DA:6,1
DA:7,1
DA:8,1
DA:10,1
DA:18,1
DA:20,1
DA:21,1
DA:22,1
DA:23,1
DA:24,1
DA:25,1
DA:28,1
DA:29,1
DA:33,1
DA:38,1
DA:39,1
DA:41,1
DA:43,1
DA:45,1
DA:46,1
DA:47,0
DA:49,1
DA:50,1
DA:51,1
DA:52,1
DA:53,1
DA:54,1
DA:57,1
DA:58,1
DA:59,1
DA:60,1
DA:61,1
DA:63,0
DA:64,0
DA:66,0
DA:67,0
DA:68,0
DA:70,0
DA:71,0
DA:74,0
DA:75,0
DA:77,0
DA:78,0
DA:83,1
DA:84,0
DA:87,1
DA:88,0
DA:91,1
DA:92,0
DA:95,1
DA:96,0
DA:99,1
DA:100,0
DA:103,1
DA:104,0
DA:107,1
DA:108,0
DA:111,1
DA:112,0
DA:115,1
DA:116,0
DA:117,0
DA:118,0
DA:120,0
DA:124,1
DA:125,1
DA:126,1
DA:128,1
DA:129,1
DA:130,36
DA:131,36
DA:133,1
DA:134,1
DA:137,1
DA:138,0
DA:143,0
DA:144,0
DA:145,0
DA:146,0
DA:147,0
DA:148,0
DA:152,1
DA:153,0
DA:154,0
DA:155,0
DA:156,0
DA:157,0
DA:161,1
DA:162,0
DA:163,0
DA:164,0
DA:165,0
DA:166,0
DA:170,1
DA:171,0
DA:172,0
DA:173,0
DA:174,0
DA:176,0
DA:177,0
DA:178,0
DA:181,0
DA:182,0
DA:185,0
DA:188,1
DA:189,0
DA:190,0
DA:194,1
DA:195,0
DA:196,0
DA:197,0
DA:198,0
DA:199,0
DA:202,0
DA:203,0
DA:204,0
DA:205,0
DA:206,0
DA:207,0
DA:208,0
DA:209,0
DA:210,0
DA:211,0
DA:212,0
DA:213,0
DA:214,0
DA:215,0
DA:216,0
DA:217,0
DA:218,0
DA:219,0
DA:220,0
DA:221,0
DA:222,0
DA:223,0
DA:226,0
DA:228,1
LF:142
LH:61
BRDA:46,0,0,0
BRDA:46,0,1,1
BRDA:57,1,0,0
BRDA:57,1,1,1
BRDA:59,2,0,1
BRDA:59,2,1,0
BRDA:60,3,0,1
BRDA:60,3,1,0
BRDA:66,4,0,0
BRDA:66,4,1,0
BRDA:67,5,0,0
BRDA:67,5,1,0
BRDA:74,6,0,0
BRDA:74,6,1,0
BRDA:116,7,0,0
BRDA:116,7,1,0
BRDA:129,8,0,37
BRDA:129,8,1,1
BRDA:129,8,2,36
BRDA:172,9,0,0
BRDA:172,9,1,0
BRDA:176,10,0,0
BRDA:176,10,1,0
BRDA:189,11,0,0
BRDA:189,11,1,0
BRDA:197,12,0,0
BRDA:197,12,1,0
BRDA:197,13,0,0
BRDA:197,13,1,0
BRDA:205,14,0,0
BRDA:205,14,1,0
BRDA:205,14,2,0
BRDA:205,14,3,0
BRDA:205,14,4,0
BRDA:205,14,5,0
BRDA:205,14,6,0
BRDA:205,14,7,0
BRDA:205,14,8,0
BRDA:205,14,9,0
BRDA:205,14,10,0
BRDA:205,14,11,0
BRDA:205,14,12,0
BRDA:205,14,13,0
BRDA:205,14,14,0
BRDA:205,14,15,0
BRDA:205,14,16,0
BRDA:205,14,17,0
BRDA:205,14,18,0
BRF:48
BRH:7
end_of_record
TN:
SF:C:\git\opviewer\src\app\layout\TWA\fleet-log\fleet-log.module.ts
FN:25,(anonymous_1)
FNF:1
FNH:1
FNDA:2,(anonymous_1)
DA:1,1
DA:2,1
DA:4,1
DA:5,1
DA:6,1
DA:8,1
DA:9,1
DA:11,1
DA:25,1
LF:9
LH:9
BRF:0
BRH:0
end_of_record
TN:
SF:C:\git\opviewer\src\app\layout\TWA\fleet-request\fleet-request-routing.module.ts
FN:15,(anonymous_1)
FNF:1
FNH:1
FNDA:1,(anonymous_1)
DA:1,1
DA:2,1
DA:3,1
DA:5,1
DA:15,1
DA:16,1
LF:6
LH:6
BRF:0
BRH:0
end_of_record
TN:
SF:C:\git\opviewer\src\app\layout\TWA\fleet-request\fleet-request.component.ts
FN:17,(anonymous_2)
FN:18,FleetRequestComponent
FN:69,(anonymous_4)
FN:76,(anonymous_5)
FN:80,(anonymous_6)
FN:82,(anonymous_7)
FN:83,(anonymous_8)
FN:86,(anonymous_9)
FN:87,(anonymous_10)
FN:92,(anonymous_11)
FN:114,(anonymous_12)
FN:118,(anonymous_13)
FN:125,(anonymous_14)
FN:130,(anonymous_15)
FN:135,(anonymous_16)
FNF:15
FNH:4
FNDA:1,(anonymous_2)
FNDA:1,FleetRequestComponent
FNDA:1,(anonymous_4)
FNDA:1,(anonymous_5)
FNDA:0,(anonymous_6)
FNDA:0,(anonymous_7)
FNDA:0,(anonymous_8)
FNDA:0,(anonymous_9)
FNDA:0,(anonymous_10)
FNDA:0,(anonymous_11)
FNDA:0,(anonymous_12)
FNDA:0,(anonymous_13)
FNDA:0,(anonymous_14)
FNDA:0,(anonymous_15)
FNDA:0,(anonymous_16)
DA:1,1
DA:2,1
DA:3,1
DA:4,1
DA:5,1
DA:6,1
DA:7,1
DA:8,1
DA:17,1
DA:19,1
DA:20,1
DA:21,1
DA:22,1
DA:25,1
DA:26,1
DA:27,1
DA:28,1
DA:29,1
DA:41,1
DA:43,1
DA:59,1
DA:67,1
DA:69,1
DA:70,1
DA:71,1
DA:72,0
DA:74,1
DA:75,1
DA:76,1
DA:80,1
DA:81,0
DA:82,0
DA:83,0
DA:86,0
DA:87,0
DA:92,1
DA:93,0
DA:94,0
DA:95,0
DA:96,0
DA:97,0
DA:98,0
DA:99,0
DA:100,0
DA:102,0
DA:103,0
DA:104,0
DA:105,0
DA:106,0
DA:109,0
DA:110,0
DA:111,0
DA:112,0
DA:115,0
DA:119,0
DA:120,0
DA:125,1
DA:126,0
DA:127,0
DA:128,0
DA:129,0
DA:130,0
DA:131,0
DA:135,1
DA:136,0
DA:138,1
LF:66
LH:33
BRDA:71,0,0,0
BRDA:71,0,1,1
BRDA:71,1,0,1
BRDA:71,1,1,0
BRDA:75,2,0,1
BRDA:75,2,1,0
BRDA:81,3,0,0
BRDA:81,3,1,0
BRDA:95,4,0,0
BRDA:95,4,1,0
BRDA:95,4,2,0
BRDA:96,5,0,0
BRDA:96,5,1,0
BRDA:96,5,2,0
BRDA:99,6,0,0
BRDA:99,6,1,0
BRDA:105,7,0,0
BRDA:105,7,1,0
BRF:18
BRH:3
end_of_record
TN:
SF:C:\git\opviewer\src\app\layout\TWA\fleet-request\fleet-request.module.ts
FN:29,(anonymous_1)
FNF:1
FNH:1
FNDA:2,(anonymous_1)
DA:1,1
DA:2,1
DA:3,1
DA:5,1
DA:6,1
DA:7,1
DA:9,1
DA:10,1
DA:11,1
DA:13,1
DA:29,1
LF:11
LH:11
BRF:0
BRH:0
end_of_record
TN:
SF:C:\git\opviewer\src\app\layout\TWA\fleetavailability\fleetavailability-routing.module.ts
FN:16,(anonymous_1)
FNF:1
FNH:1
FNDA:1,(anonymous_1)
DA:1,1
DA:2,1
DA:3,1
DA:4,1
DA:6,1
DA:16,1
DA:17,1
LF:7
LH:7
BRF:0
BRH:0
end_of_record
TN:
SF:C:\git\opviewer\src\app\layout\TWA\fleetavailability\fleetavailability.component.ts
FN:28,(anonymous_2)
FN:29,FleetavailabilityComponent
FN:84,(anonymous_4)
FN:89,(anonymous_5)
FN:90,(anonymous_6)
FN:94,(anonymous_7)
FN:95,(anonymous_8)
FN:110,(anonymous_9)
FN:115,(anonymous_10)
FN:131,(anonymous_11)
FN:144,(anonymous_12)
FN:146,(anonymous_13)
FN:148,(anonymous_14)
FN:149,(anonymous_15)
FN:158,(anonymous_16)
FN:159,(anonymous_17)
FN:165,(anonymous_18)
FN:166,(anonymous_19)
FN:173,(anonymous_20)
FN:174,(anonymous_21)
FN:177,(anonymous_22)
FN:178,(anonymous_23)
FN:181,(anonymous_24)
FN:182,(anonymous_25)
FN:185,(anonymous_26)
FN:210,(anonymous_27)
FN:275,(anonymous_28)
FN:283,(anonymous_29)
FN:287,(anonymous_30)
FN:291,(anonymous_31)
FN:295,(anonymous_32)
FN:299,(anonymous_33)
FN:303,(anonymous_34)
FN:307,(anonymous_35)
FN:311,(anonymous_36)
FN:329,(anonymous_37)
FN:345,(anonymous_38)
FN:353,(anonymous_39)
FN:358,(anonymous_40)
FN:362,(anonymous_41)
FN:368,(anonymous_42)
FN:376,(anonymous_43)
FN:382,(anonymous_44)
FN:388,(anonymous_45)
FN:393,(anonymous_46)
FN:398,(anonymous_47)
FN:402,(anonymous_48)
FN:406,(anonymous_49)
FN:410,(anonymous_50)
FN:419,(anonymous_51)
FN:420,(anonymous_52)
FN:430,(anonymous_53)
FN:435,(anonymous_54)
FN:497,(anonymous_55)
FN:504,(anonymous_56)
FN:508,(anonymous_57)
FN:523,(anonymous_58)
FN:527,(anonymous_59)
FN:531,(anonymous_60)
FN:537,(anonymous_61)
FN:545,(anonymous_62)
FN:551,(anonymous_63)
FN:557,(anonymous_64)
FN:591,(anonymous_65)
FN:593,(anonymous_66)
FN:609,(anonymous_67)
FN:616,(anonymous_68)
FN:620,(anonymous_69)
FN:629,(anonymous_70)
FN:630,(anonymous_71)
FN:638,(anonymous_72)
FN:639,(anonymous_73)
FN:652,(anonymous_74)
FN:655,(anonymous_75)
FN:672,(anonymous_76)
FN:677,(anonymous_77)
FN:693,(anonymous_78)
FN:697,(anonymous_79)
FN:705,(anonymous_80)
FN:708,(anonymous_81)
FN:710,(anonymous_82)
FN:717,(anonymous_83)
FN:723,(anonymous_84)
FN:768,(anonymous_85)
FN:769,(anonymous_86)
FN:776,(anonymous_87)
FN:789,(anonymous_88)
FNF:87
FNH:6
FNDA:1,(anonymous_2)
FNDA:1,FleetavailabilityComponent
FNDA:0,(anonymous_4)
FNDA:0,(anonymous_5)
FNDA:0,(anonymous_6)
FNDA:1,(anonymous_7)
FNDA:1,(anonymous_8)
FNDA:0,(anonymous_9)
FNDA:0,(anonymous_10)
FNDA:0,(anonymous_11)
FNDA:0,(anonymous_12)
FNDA:0,(anonymous_13)
FNDA:0,(anonymous_14)
FNDA:0,(anonymous_15)
FNDA:0,(anonymous_16)
FNDA:0,(anonymous_17)
FNDA:0,(anonymous_18)
FNDA:0,(anonymous_19)
FNDA:0,(anonymous_20)
FNDA:0,(anonymous_21)
FNDA:0,(anonymous_22)
FNDA:0,(anonymous_23)
FNDA:0,(anonymous_24)
FNDA:0,(anonymous_25)
FNDA:0,(anonymous_26)
FNDA:0,(anonymous_27)
FNDA:0,(anonymous_28)
FNDA:2,(anonymous_29)
FNDA:0,(anonymous_30)
FNDA:0,(anonymous_31)
FNDA:0,(anonymous_32)
FNDA:0,(anonymous_33)
FNDA:2,(anonymous_34)
FNDA:0,(anonymous_35)
FNDA:0,(anonymous_36)
FNDA:0,(anonymous_37)
FNDA:0,(anonymous_38)
FNDA:0,(anonymous_39)
FNDA:0,(anonymous_40)
FNDA:0,(anonymous_41)
FNDA:0,(anonymous_42)
FNDA:0,(anonymous_43)
FNDA:0,(anonymous_44)
FNDA:0,(anonymous_45)
FNDA:0,(anonymous_46)
FNDA:0,(anonymous_47)
FNDA:0,(anonymous_48)
FNDA:0,(anonymous_49)
FNDA:0,(anonymous_50)
FNDA:0,(anonymous_51)
FNDA:0,(anonymous_52)
FNDA:0,(anonymous_53)
FNDA:0,(anonymous_54)
FNDA:0,(anonymous_55)
FNDA:0,(anonymous_56)
FNDA:0,(anonymous_57)
FNDA:0,(anonymous_58)
FNDA:0,(anonymous_59)
FNDA:0,(anonymous_60)
FNDA:0,(anonymous_61)
FNDA:0,(anonymous_62)
FNDA:0,(anonymous_63)
FNDA:0,(anonymous_64)
FNDA:0,(anonymous_65)
FNDA:0,(anonymous_66)
FNDA:0,(anonymous_67)
FNDA:0,(anonymous_68)
FNDA:0,(anonymous_69)
FNDA:0,(anonymous_70)
FNDA:0,(anonymous_71)
FNDA:0,(anonymous_72)
FNDA:0,(anonymous_73)
FNDA:0,(anonymous_74)
FNDA:0,(anonymous_75)
FNDA:0,(anonymous_76)
FNDA:0,(anonymous_77)
FNDA:0,(anonymous_78)
FNDA:0,(anonymous_79)
FNDA:0,(anonymous_80)
FNDA:0,(anonymous_81)
FNDA:0,(anonymous_82)
FNDA:0,(anonymous_83)
FNDA:0,(anonymous_84)
FNDA:0,(anonymous_85)
FNDA:0,(anonymous_86)
FNDA:0,(anonymous_87)
FNDA:0,(anonymous_88)
DA:1,1
DA:2,1
DA:3,1
DA:4,1
DA:5,1
DA:6,1
DA:7,1
DA:8,1
DA:9,1
DA:10,1
DA:11,1
DA:12,1
DA:13,1
DA:14,1
DA:15,1
DA:16,1
DA:18,1
DA:28,1
DA:29,1
DA:30,1
DA:31,1
DA:32,1
DA:33,1
DA:34,1
DA:35,1
DA:36,1
DA:37,1
DA:38,1
DA:41,1
DA:43,1
DA:44,1
DA:46,1
DA:47,1
DA:48,1
DA:49,1
DA:50,1
DA:51,1
DA:52,1
DA:53,1
DA:54,1
DA:56,1
DA:57,1
DA:60,1
DA:61,1
DA:62,1
DA:64,1
DA:65,1
DA:66,1
DA:68,1
DA:69,1
DA:70,1
DA:73,1
DA:74,1
DA:75,1
DA:76,1
DA:77,1
DA:78,1
DA:80,1
DA:81,1
DA:82,1
DA:84,1
DA:85,0
DA:86,0
DA:88,0
DA:89,0
DA:90,0
DA:94,1
DA:95,1
DA:96,1
DA:97,1
DA:98,1
DA:99,1
DA:100,1
DA:101,1
DA:103,0
DA:104,0
DA:105,0
DA:110,1
DA:111,0
DA:116,0
DA:117,0
DA:118,0
DA:120,0
DA:121,0
DA:122,0
DA:123,0
DA:124,0
DA:126,0
DA:127,0
DA:129,0
DA:130,0
DA:131,0
DA:132,0
DA:133,0
DA:134,0
DA:135,0
DA:136,0
DA:137,0
DA:138,0
DA:139,0
DA:144,0
DA:145,0
DA:146,0
DA:147,0
DA:148,0
DA:149,0
DA:152,0
DA:155,0
DA:156,0
DA:157,0
DA:158,0
DA:159,0
DA:162,0
DA:166,0
DA:173,1
DA:174,0
DA:177,1
DA:178,0
DA:181,1
DA:182,0
DA:185,1
DA:186,0
DA:187,0
DA:211,0
DA:212,0
DA:213,0
DA:215,0
DA:216,0
DA:275,1
DA:276,0
DA:277,0
DA:279,0
DA:283,1
DA:284,2
DA:287,1
DA:288,0
DA:291,1
DA:292,0
DA:295,1
DA:296,0
DA:299,1
DA:300,0
DA:303,1
DA:304,2
DA:307,1
DA:308,0
DA:311,1
DA:312,0
DA:313,0
DA:315,0
DA:316,0
DA:317,0
DA:318,0
DA:319,0
DA:320,0
DA:322,0
DA:325,0
DA:326,0
DA:329,1
DA:330,0
DA:331,0
DA:332,0
DA:333,0
DA:334,0
DA:337,0
DA:338,0
DA:339,0
DA:342,0
DA:345,1
DA:346,0
DA:347,0
DA:349,0
DA:353,1
DA:354,0
DA:355,0
DA:358,1
DA:359,0
DA:360,0
DA:362,0
DA:363,0
DA:364,0
DA:368,1
DA:369,0
DA:370,0
DA:371,0
DA:372,0
DA:373,0
DA:376,1
DA:377,0
DA:378,0
DA:379,0
DA:382,1
DA:383,0
DA:384,0
DA:385,0
DA:388,1
DA:389,0
DA:390,0
DA:393,1
DA:394,0
DA:395,0
DA:398,1
DA:399,0
DA:400,0
DA:403,0
DA:407,0
DA:408,0
DA:411,0
DA:412,0
DA:413,0
DA:414,0
DA:419,1
DA:420,0
DA:421,0
DA:430,0
DA:431,0
DA:435,1
DA:437,0
DA:438,0
DA:439,0
DA:440,0
DA:441,0
DA:443,0
DA:444,0
DA:445,0
DA:446,0
DA:447,0
DA:451,0
DA:452,0
DA:453,0
DA:454,0
DA:456,0
DA:457,0
DA:461,0
DA:464,0
DA:465,0
DA:467,0
DA:468,0
DA:470,0
DA:471,0
DA:472,0
DA:473,0
DA:474,0
DA:475,0
DA:477,0
DA:480,0
DA:484,0
DA:485,0
DA:486,0
DA:487,0
DA:490,0
DA:491,0
DA:493,0
DA:494,0
DA:497,1
DA:498,0
DA:499,0
DA:501,0
DA:504,1
DA:505,0
DA:508,1
DA:509,0
DA:510,0
DA:517,0
DA:518,0
DA:519,0
DA:521,0
DA:524,0
DA:528,0
DA:529,0
DA:532,0
DA:537,1
DA:538,0
DA:539,0
DA:540,0
DA:541,0
DA:542,0
DA:543,0
DA:545,0
DA:546,0
DA:551,2
DA:552,0
DA:553,0
DA:557,1
DA:558,0
DA:559,0
DA:560,0
DA:561,0
DA:562,0
DA:563,0
DA:564,0
DA:565,0
DA:566,0
DA:569,0
DA:570,0
DA:573,0
DA:574,0
DA:575,0
DA:576,0
DA:577,0
DA:579,0
DA:582,0
DA:583,0
DA:585,0
DA:586,0
DA:590,0
DA:591,0
DA:592,0
DA:593,0
DA:594,0
DA:595,0
DA:599,0
DA:601,0
DA:607,0
DA:610,0
DA:611,0
DA:613,0
DA:617,0
DA:618,0
DA:621,0
DA:622,0
DA:625,0
DA:629,1
DA:630,0
DA:631,0
DA:632,0
DA:634,0
DA:638,1
DA:639,0
DA:640,0
DA:641,0
DA:643,0
DA:645,0
DA:646,0
DA:648,0
DA:652,1
DA:653,0
DA:654,0
DA:655,0
DA:656,0
DA:664,0
DA:665,0
DA:667,0
DA:669,0
DA:670,0
DA:671,0
DA:672,0
DA:673,0
DA:677,1
DA:678,0
DA:679,0
DA:680,0
DA:688,0
DA:689,0
DA:693,1
DA:694,0
DA:697,1
DA:698,0
DA:699,0
DA:701,0
DA:705,1
DA:706,0
DA:707,0
DA:708,0
DA:709,0
DA:710,0
DA:711,0
DA:712,0
DA:713,0
DA:714,0
DA:715,0
DA:716,0
DA:717,0
DA:718,0
DA:719,0
DA:720,0
DA:721,0
DA:722,0
DA:723,0
DA:724,0
DA:725,0
DA:726,0
DA:727,0
DA:730,0
DA:733,0
DA:734,0
DA:735,0
DA:740,0
DA:741,0
DA:742,0
DA:743,0
DA:744,0
DA:745,0
DA:747,0
DA:748,0
DA:749,0
DA:750,0
DA:752,0
DA:753,0
DA:754,0
DA:756,0
DA:757,0
DA:762,0
DA:763,0
DA:768,1
DA:769,0
DA:770,0
DA:771,0
DA:774,0
DA:775,0
DA:776,0
DA:777,0
DA:778,0
DA:779,0
DA:781,0
DA:784,0
DA:789,1
DA:790,0
DA:791,0
DA:792,0
DA:793,0
DA:794,0
DA:795,0
DA:796,0
DA:797,0
DA:798,0
DA:801,0
DA:802,0
DA:803,0
DA:804,0
DA:806,1
LF:431
LH:113
BRDA:89,0,0,0
BRDA:89,0,1,0
BRDA:96,1,0,1
BRDA:96,1,1,0
BRDA:110,2,0,0
BRDA:110,2,1,0
BRDA:116,3,0,0
BRDA:116,3,1,0
BRDA:117,4,0,0
BRDA:117,4,1,0
BRDA:132,5,0,0
BRDA:132,5,1,0
BRDA:137,6,0,0
BRDA:137,6,1,0
BRDA:137,7,0,0
BRDA:137,7,1,0
BRDA:155,8,0,0
BRDA:155,8,1,0
BRDA:157,9,0,0
BRDA:157,9,1,0
BRDA:186,10,0,0
BRDA:186,10,1,0
BRDA:186,11,0,0
BRDA:186,11,1,0
BRDA:211,12,0,0
BRDA:211,12,1,0
BRDA:212,13,0,0
BRDA:212,13,1,0
BRDA:276,14,0,0
BRDA:276,14,1,0
BRDA:299,15,0,0
BRDA:299,15,1,0
BRDA:307,16,0,0
BRDA:307,16,1,0
BRDA:307,17,0,0
BRDA:307,17,1,0
BRDA:316,18,0,0
BRDA:316,18,1,0
BRDA:316,18,2,0
BRDA:318,19,0,0
BRDA:318,19,1,0
BRDA:331,20,0,0
BRDA:331,20,1,0
BRDA:333,21,0,0
BRDA:333,21,1,0
BRDA:333,22,0,0
BRDA:333,22,1,0
BRDA:338,23,0,0
BRDA:338,23,1,0
BRDA:346,24,0,0
BRDA:346,24,1,0
BRDA:359,25,0,0
BRDA:359,25,1,0
BRDA:362,26,0,0
BRDA:362,26,1,0
BRDA:362,27,0,0
BRDA:362,27,1,0
BRDA:362,27,2,0
BRDA:420,28,0,0
BRDA:420,28,1,0
BRDA:420,29,0,0
BRDA:420,29,1,0
BRDA:430,30,0,0
BRDA:430,30,1,0
BRDA:440,31,0,0
BRDA:440,31,1,0
BRDA:446,32,0,0
BRDA:446,32,1,0
BRDA:446,33,0,0
BRDA:446,33,1,0
BRDA:471,34,0,0
BRDA:471,34,1,0
BRDA:497,35,0,0
BRDA:497,35,1,0
BRDA:498,36,0,0
BRDA:498,36,1,0
BRDA:508,37,0,0
BRDA:508,37,1,0
BRDA:509,38,0,0
BRDA:509,38,1,0
BRDA:509,39,0,0
BRDA:509,39,1,0
BRDA:517,40,0,0
BRDA:517,40,1,0
BRDA:537,41,0,0
BRDA:537,41,1,0
BRDA:542,42,0,0
BRDA:542,42,1,0
BRDA:552,43,0,0
BRDA:552,43,1,0
BRDA:557,44,0,0
BRDA:557,44,1,0
BRDA:558,45,0,0
BRDA:558,45,1,0
BRDA:558,46,0,0
BRDA:558,46,1,0
BRDA:565,47,0,0
BRDA:565,47,1,0
BRDA:569,48,0,0
BRDA:569,48,1,0
BRDA:573,49,0,0
BRDA:573,49,1,0
BRDA:573,50,0,0
BRDA:573,50,1,0
BRDA:574,51,0,0
BRDA:574,51,1,0
BRDA:576,52,0,0
BRDA:576,52,1,0
BRDA:582,53,0,0
BRDA:582,53,1,0
BRDA:585,54,0,0
BRDA:585,54,1,0
BRDA:590,55,0,0
BRDA:590,55,1,0
BRDA:592,56,0,0
BRDA:592,56,1,0
BRDA:610,57,0,0
BRDA:610,57,1,0
BRDA:631,58,0,0
BRDA:631,58,1,0
BRDA:640,59,0,0
BRDA:640,59,1,0
BRDA:645,60,0,0
BRDA:645,60,1,0
BRDA:664,61,0,0
BRDA:664,61,1,0
BRDA:678,62,0,0
BRDA:678,62,1,0
BRDA:698,63,0,0
BRDA:698,63,1,0
BRDA:705,64,0,0
BRDA:705,64,1,0
BRDA:718,65,0,0
BRDA:718,65,1,0
BRDA:718,66,0,0
BRDA:718,66,1,0
BRDA:724,67,0,0
BRDA:724,67,1,0
BRDA:725,68,0,0
BRDA:725,68,1,0
BRDA:726,69,0,0
BRDA:726,69,1,0
BRDA:734,70,0,0
BRDA:734,70,1,0
BRDA:744,71,0,0
BRDA:744,71,1,0
BRDA:749,72,0,0
BRDA:749,72,1,0
BRDA:753,73,0,0
BRDA:753,73,1,0
BRDA:756,74,0,0
BRDA:756,74,1,0
BRDA:756,75,0,0
BRDA:756,75,1,0
BRDA:756,75,2,0
BRDA:756,75,3,0
BRDA:756,75,4,0
BRDA:756,75,5,0
BRDA:756,75,6,0
BRDA:756,75,7,0
BRDA:762,76,0,0
BRDA:762,76,1,0
BRDA:770,77,0,0
BRDA:770,77,1,0
BRDA:774,78,0,0
BRDA:774,78,1,0
BRDA:777,79,0,0
BRDA:777,79,1,0
BRDA:778,80,0,0
BRDA:778,80,1,0
BRDA:793,81,0,0
BRDA:793,81,1,0
BRF:172
BRH:1
end_of_record
TN:
SF:C:\git\opviewer\src\app\layout\TWA\fleetavailability\fleetavailability.module.ts
FN:27,(anonymous_1)
FNF:1
FNH:1
FNDA:2,(anonymous_1)
DA:1,1
DA:2,1
DA:3,1
DA:5,1
DA:6,1
DA:7,1
DA:9,1
DA:10,1
DA:12,1
DA:27,1
LF:10
LH:10
BRF:0
BRH:0
end_of_record
TN:
SF:C:\git\opviewer\src\app\layout\TWA\fleets\fleets-routing.module.ts
FN:15,(anonymous_1)
FNF:1
FNH:1
FNDA:1,(anonymous_1)
DA:1,1
DA:2,1
DA:3,1
DA:5,1
DA:15,1
DA:16,1
LF:6
LH:6
BRF:0
BRH:0
end_of_record
TN:
SF:C:\git\opviewer\src\app\layout\TWA\fleets\fleets.component.ts
FN:17,(anonymous_2)
FN:18,FleetsComponent
FN:35,(anonymous_4)
FN:38,(anonymous_5)
FN:41,(anonymous_6)
FN:44,(anonymous_7)
FN:58,(anonymous_8)
FN:59,(anonymous_9)
FN:62,(anonymous_10)
FN:66,(anonymous_11)
FN:70,(anonymous_12)
FN:74,(anonymous_13)
FN:78,(anonymous_14)
FN:82,(anonymous_15)
FN:86,(anonymous_16)
FN:90,(anonymous_17)
FN:95,(anonymous_18)
FNF:17
FNH:9
FNDA:1,(anonymous_2)
FNDA:1,FleetsComponent
FNDA:1,(anonymous_4)
FNDA:1,(anonymous_5)
FNDA:1,(anonymous_6)
FNDA:0,(anonymous_7)
FNDA:0,(anonymous_8)
FNDA:0,(anonymous_9)
FNDA:0,(anonymous_10)
FNDA:4,(anonymous_11)
FNDA:0,(anonymous_12)
FNDA:0,(anonymous_13)
FNDA:0,(anonymous_14)
FNDA:0,(anonymous_15)
FNDA:4,(anonymous_16)
FNDA:1,(anonymous_17)
FNDA:1,(anonymous_18)
DA:1,1
DA:2,1
DA:3,1
DA:4,1
DA:6,1
DA:7,1
DA:8,1
DA:9,1
DA:17,1
DA:19,1
DA:20,1
DA:21,1
DA:22,1
DA:23,1
DA:24,1
DA:27,1
DA:28,1
DA:30,1
DA:31,1
DA:32,1
DA:33,1
DA:35,1
DA:36,1
DA:37,1
DA:38,1
DA:39,1
DA:41,1
DA:42,1
DA:44,0
DA:45,0
DA:46,0
DA:47,0
DA:52,1
DA:53,1
DA:58,1
DA:59,0
DA:62,1
DA:63,0
DA:66,1
DA:67,4
DA:70,1
DA:71,0
DA:74,1
DA:75,0
DA:78,1
DA:79,0
DA:82,1
DA:83,0
DA:86,1
DA:87,4
DA:90,1
DA:91,1
DA:92,1
DA:93,1
DA:94,1
DA:95,1
DA:96,1
DA:99,1
LF:58
LH:48
BRDA:37,0,0,1
BRDA:37,0,1,0
BRDA:46,1,0,0
BRDA:46,1,1,0
BRDA:52,2,0,1
BRDA:52,2,1,0
BRF:6
BRH:2
end_of_record
TN:
SF:C:\git\opviewer\src\app\layout\TWA\fleets\fleets.module.ts
FN:27,(anonymous_1)
FNF:1
FNH:1
FNDA:2,(anonymous_1)
DA:1,1
DA:2,1
DA:3,1
DA:5,1
DA:6,1
DA:7,1
DA:9,1
DA:10,1
DA:12,1
DA:27,1
LF:10
LH:10
BRF:0
BRH:0
end_of_record
TN:
SF:C:\git\opviewer\src\app\layout\access-denied\access-denied-routing.module.ts
FN:15,(anonymous_1)
FNF:1
FNH:1
FNDA:1,(anonymous_1)
DA:1,1
DA:2,1
DA:3,1
DA:5,1
DA:15,1
DA:16,1
LF:6
LH:6
BRF:0
BRH:0
end_of_record
TN:
SF:C:\git\opviewer\src\app\layout\access-denied\access-denied.component.ts
FN:8,(anonymous_2)
FN:10,AccessDeniedComponent
FN:12,(anonymous_4)
FNF:3
FNH:3
FNDA:1,(anonymous_2)
FNDA:1,AccessDeniedComponent
FNDA:1,(anonymous_4)
DA:1,1
DA:8,1
DA:12,1
DA:15,1
LF:4
LH:4
BRF:0
BRH:0
end_of_record
TN:
SF:C:\git\opviewer\src\app\layout\access-denied\access-denied.module.ts
FN:14,(anonymous_1)
FNF:1
FNH:1
FNDA:2,(anonymous_1)
DA:1,1
DA:2,1
DA:4,1
DA:5,1
DA:14,1
LF:5
LH:5
BRF:0
BRH:0
end_of_record
TN:
SF:C:\git\opviewer\src\app\layout\components\alert\alert.component.ts
FN:9,(anonymous_2)
FN:11,AlertComponent
FN:15,(anonymous_4)
FNF:3
FNH:3
FNDA:1,(anonymous_2)
FNDA:1,AlertComponent
FNDA:1,(anonymous_4)
DA:1,1
DA:2,1
DA:9,1
DA:12,1
DA:15,1
DA:18,1
LF:6
LH:6
BRF:0
BRH:0
end_of_record
TN:
SF:C:\git\opviewer\src\app\layout\components\header\header.component.ts
FN:16,(anonymous_2)
FN:25,HeaderComponent
FN:39,(anonymous_4)
FN:50,(anonymous_5)
FN:55,(anonymous_6)
FN:71,(anonymous_7)
FN:72,(anonymous_8)
FN:89,(anonymous_9)
FN:93,(anonymous_10)
FN:98,(anonymous_11)
FN:103,(anonymous_12)
FN:108,(anonymous_13)
FN:112,(anonymous_14)
FNF:13
FNH:1
FNDA:1,(anonymous_2)
FNDA:0,HeaderComponent
FNDA:0,(anonymous_4)
FNDA:0,(anonymous_5)
FNDA:0,(anonymous_6)
FNDA:0,(anonymous_7)
FNDA:0,(anonymous_8)
FNDA:0,(anonymous_9)
FNDA:0,(anonymous_10)
FNDA:0,(anonymous_11)
FNDA:0,(anonymous_12)
FNDA:0,(anonymous_13)
FNDA:0,(anonymous_14)
DA:1,1
DA:2,1
DA:3,1
DA:4,1
DA:5,1
DA:7,1
DA:8,1
DA:9,1
DA:16,1
DA:17,0
DA:18,0
DA:20,0
DA:21,0
DA:25,0
DA:26,0
DA:27,0
DA:28,0
DA:29,0
DA:30,0
DA:31,0
DA:32,0
DA:34,0
DA:35,0
DA:36,0
DA:37,0
DA:39,0
DA:40,0
DA:45,0
DA:50,1
DA:51,0
DA:52,0
DA:55,1
DA:56,0
DA:57,0
DA:61,0
DA:63,0
DA:66,0
DA:68,0
DA:71,1
DA:72,0
DA:73,0
DA:74,0
DA:79,0
DA:86,0
DA:89,1
DA:90,0
DA:93,1
DA:94,0
DA:95,0
DA:98,1
DA:99,0
DA:100,0
DA:103,1
DA:104,0
DA:105,0
DA:108,1
DA:109,0
DA:112,1
DA:113,0
DA:115,1
LF:60
LH:19
BRDA:37,0,0,0
BRDA:37,0,1,0
BRDA:40,1,0,0
BRDA:40,1,1,0
BRDA:41,2,0,0
BRDA:41,2,1,0
BRDA:41,2,2,0
BRDA:56,3,0,0
BRDA:56,3,1,0
BRDA:73,4,0,0
BRDA:73,4,1,0
BRF:11
BRH:0
end_of_record
TN:
SF:C:\git\opviewer\src\app\layout\components\sidebar\sidebar.component.ts
FN:14,(anonymous_2)
FN:19,SidebarComponent
FN:30,(anonymous_4)
FN:41,(anonymous_5)
FN:45,(anonymous_6)
FN:53,(anonymous_7)
FN:58,(anonymous_8)
FN:63,(anonymous_9)
FN:68,(anonymous_10)
FN:72,(anonymous_11)
FNF:10
FNH:1
FNDA:1,(anonymous_2)
FNDA:0,SidebarComponent
FNDA:0,(anonymous_4)
FNDA:0,(anonymous_5)
FNDA:0,(anonymous_6)
FNDA:0,(anonymous_7)
FNDA:0,(anonymous_8)
FNDA:0,(anonymous_9)
FNDA:0,(anonymous_10)
FNDA:0,(anonymous_11)
DA:1,1
DA:2,1
DA:3,1
DA:6,1
DA:7,1
DA:14,1
DA:15,0
DA:16,0
DA:17,0
DA:19,0
DA:20,0
DA:21,0
DA:22,0
DA:23,0
DA:25,0
DA:26,0
DA:27,0
DA:28,0
DA:30,0
DA:31,0
DA:36,0
DA:41,1
DA:42,0
DA:45,1
DA:46,0
DA:47,0
DA:49,0
DA:53,1
DA:54,0
DA:55,0
DA:58,1
DA:59,0
DA:60,0
DA:63,1
DA:64,0
DA:65,0
DA:68,1
DA:69,0
DA:72,1
DA:73,0
DA:74,0
DA:75,0
DA:77,1
LF:43
LH:14
BRDA:28,0,0,0
BRDA:28,0,1,0
BRDA:31,1,0,0
BRDA:31,1,1,0
BRDA:32,2,0,0
BRDA:32,2,1,0
BRDA:32,2,2,0
BRDA:46,3,0,0
BRDA:46,3,1,0
BRF:9
BRH:0
end_of_record
TN:
SF:C:\git\opviewer\src\app\layout\dashboard\dashboard-routing.module.ts
FN:15,(anonymous_1)
FNF:1
FNH:1
FNDA:1,(anonymous_1)
DA:1,1
DA:2,1
DA:3,1
DA:5,1
DA:15,1
DA:16,1
LF:6
LH:6
BRF:0
BRH:0
end_of_record
TN:
SF:C:\git\opviewer\src\app\layout\dashboard\dashboard.component.ts
FN:27,(anonymous_2)
FN:28,DashboardComponent
FN:85,(anonymous_4)
FN:88,(anonymous_5)
FN:100,(anonymous_6)
FN:105,(anonymous_7)
FN:111,(anonymous_8)
FN:112,(anonymous_9)
FN:124,(anonymous_10)
FN:126,(anonymous_11)
FN:147,(anonymous_12)
FN:150,(anonymous_13)
FN:160,(anonymous_14)
FN:174,(anonymous_15)
FN:221,(anonymous_16)
FN:229,(anonymous_17)
FN:234,(anonymous_18)
FN:235,(anonymous_19)
FNF:18
FNH:11
FNDA:1,(anonymous_2)
FNDA:1,DashboardComponent
FNDA:0,(anonymous_4)
FNDA:0,(anonymous_5)
FNDA:0,(anonymous_6)
FNDA:0,(anonymous_7)
FNDA:1,(anonymous_8)
FNDA:1,(anonymous_9)
FNDA:1,(anonymous_10)
FNDA:1,(anonymous_11)
FNDA:1,(anonymous_12)
FNDA:0,(anonymous_13)
FNDA:0,(anonymous_14)
FNDA:1,(anonymous_15)
FNDA:6,(anonymous_16)
FNDA:0,(anonymous_17)
FNDA:1,(anonymous_18)
FNDA:1,(anonymous_19)
DA:1,1
DA:2,1
DA:3,1
DA:4,1
DA:6,1
DA:7,1
DA:8,1
DA:9,1
DA:10,1
DA:11,1
DA:12,1
DA:13,1
DA:14,1
DA:15,1
DA:16,1
DA:17,1
DA:18,1
DA:27,1
DA:29,1
DA:30,1
DA:31,1
DA:32,1
DA:33,1
DA:34,1
DA:35,1
DA:36,1
DA:37,1
DA:38,1
DA:39,1
DA:45,1
DA:46,1
DA:51,1
DA:52,1
DA:60,1
DA:61,1
DA:62,1
DA:63,1
DA:65,1
DA:66,1
DA:70,1
DA:74,1
DA:77,1
DA:80,1
DA:83,1
DA:85,1
DA:87,0
DA:88,0
DA:89,0
DA:90,0
DA:91,0
DA:92,0
DA:93,0
DA:95,0
DA:100,1
DA:102,0
DA:105,1
DA:106,0
DA:107,0
DA:111,1
DA:112,1
DA:113,1
DA:114,1
DA:115,1
DA:117,0
DA:118,0
DA:119,0
DA:124,1
DA:125,1
DA:126,1
DA:127,1
DA:129,1
DA:130,1
DA:133,0
DA:134,0
DA:137,0
DA:138,0
DA:141,0
DA:142,0
DA:145,1
DA:147,1
DA:150,1
DA:151,0
DA:153,0
DA:154,0
DA:160,1
DA:161,0
DA:162,0
DA:163,0
DA:165,0
DA:167,0
DA:168,0
DA:170,0
DA:171,0
DA:174,1
DA:175,1
DA:176,1
DA:177,1
DA:178,1
DA:179,1
DA:196,1
DA:197,1
DA:211,1
DA:212,1
DA:213,1
DA:214,1
DA:215,1
DA:216,1
DA:219,1
DA:220,1
DA:221,6
DA:222,6
DA:223,6
DA:225,1
DA:229,1
DA:230,0
DA:231,0
DA:234,1
DA:235,1
DA:236,1
DA:237,1
DA:240,1
LF:121
LH:88
BRDA:90,0,0,0
BRDA:90,0,1,0
BRDA:92,1,0,0
BRDA:92,1,1,0
BRDA:113,2,0,1
BRDA:113,2,1,0
BRDA:128,3,0,1
BRDA:128,3,1,0
BRDA:128,3,2,0
BRDA:128,3,3,0
BRDA:153,4,0,0
BRDA:153,4,1,0
BRDA:175,5,0,1
BRDA:175,5,1,0
BRF:14
BRH:3
end_of_record
TN:
SF:C:\git\opviewer\src\app\layout\dashboard\dashboard.module.ts
FN:48,(anonymous_1)
FNF:1
FNH:1
FNDA:2,(anonymous_1)
DA:1,1
DA:2,1
DA:3,1
DA:4,1
DA:5,1
DA:6,1
DA:8,1
DA:9,1
DA:12,1
DA:13,1
DA:14,1
DA:15,1
DA:16,1
DA:17,1
DA:18,1
DA:19,1
DA:20,1
DA:48,1
DA:50,1
LF:19
LH:19
BRF:0
BRH:0
end_of_record
TN:
SF:C:\git\opviewer\src\app\layout\dashboard\components\admin\admin.component.ts
FN:15,(anonymous_2)
FN:21,AdminComponent
FN:37,(anonymous_4)
FN:42,(anonymous_5)
FN:47,(anonymous_6)
FN:52,(anonymous_7)
FN:53,(anonymous_8)
FN:55,(anonymous_9)
FN:56,(anonymous_10)
FN:58,(anonymous_11)
FN:64,(anonymous_12)
FN:65,(anonymous_13)
FN:70,(anonymous_14)
FN:71,(anonymous_15)
FN:83,(anonymous_16)
FN:92,(anonymous_17)
FN:93,(anonymous_18)
FN:95,(anonymous_19)
FN:96,(anonymous_20)
FN:97,(anonymous_21)
FN:110,(anonymous_22)
FN:117,(anonymous_23)
FN:118,(anonymous_24)
FN:119,(anonymous_25)
FNF:24
FNH:15
FNDA:1,(anonymous_2)
FNDA:1,AdminComponent
FNDA:1,(anonymous_4)
FNDA:1,(anonymous_5)
FNDA:0,(anonymous_6)
FNDA:0,(anonymous_7)
FNDA:0,(anonymous_8)
FNDA:0,(anonymous_9)
FNDA:0,(anonymous_10)
FNDA:0,(anonymous_11)
FNDA:1,(anonymous_12)
FNDA:1,(anonymous_13)
FNDA:1,(anonymous_14)
FNDA:1,(anonymous_15)
FNDA:1,(anonymous_16)
FNDA:1,(anonymous_17)
FNDA:1,(anonymous_18)
FNDA:1,(anonymous_19)
FNDA:0,(anonymous_20)
FNDA:0,(anonymous_21)
FNDA:0,(anonymous_22)
FNDA:1,(anonymous_23)
FNDA:1,(anonymous_24)
FNDA:1,(anonymous_25)
DA:1,1
DA:2,1
DA:3,1
DA:5,1
DA:6,1
DA:7,1
DA:15,1
DA:17,1
DA:18,1
DA:19,1
DA:22,1
DA:23,1
DA:24,1
DA:26,1
DA:27,1
DA:29,1
DA:30,1
DA:31,1
DA:32,1
DA:34,1
DA:35,1
DA:37,1
DA:38,1
DA:39,1
DA:40,1
DA:41,1
DA:42,1
DA:43,1
DA:47,1
DA:49,0
DA:52,1
DA:53,0
DA:54,0
DA:55,0
DA:56,0
DA:57,0
DA:59,0
DA:64,1
DA:65,1
DA:66,1
DA:70,1
DA:71,1
DA:72,1
DA:73,0
DA:74,0
DA:75,0
DA:77,0
DA:83,1
DA:84,1
DA:89,1
DA:92,1
DA:93,1
DA:94,1
DA:95,1
DA:96,1
DA:97,0
DA:98,0
DA:99,0
DA:100,0
DA:110,1
DA:111,0
DA:117,1
DA:118,1
DA:119,1
DA:120,1
DA:121,0
DA:126,1
LF:67
LH:50
BRDA:72,0,0,0
BRDA:72,0,1,1
BRDA:74,1,0,0
BRDA:74,1,1,0
BRDA:98,2,0,0
BRDA:98,2,1,0
BRDA:99,3,0,0
BRDA:99,3,1,0
BRDA:99,4,0,0
BRDA:99,4,1,0
BRDA:111,5,0,0
BRDA:111,5,1,0
BRDA:111,6,0,0
BRDA:111,6,1,0
BRDA:120,7,0,0
BRDA:120,7,1,1
BRF:16
BRH:2
end_of_record
TN:
SF:C:\git\opviewer\src\app\layout\dashboard\components\logistics-specialist\logistics-specialist.component.ts
FN:15,(anonymous_2)
FN:21,LogisticsSpecialistComponent
FN:40,(anonymous_4)
FN:41,(anonymous_5)
FN:44,(anonymous_6)
FN:53,(anonymous_7)
FN:54,(anonymous_8)
FN:59,(anonymous_9)
FN:61,(anonymous_10)
FN:61,(anonymous_11)
FN:66,(anonymous_12)
FN:71,(anonymous_13)
FN:88,(anonymous_14)
FN:90,(anonymous_15)
FN:95,(anonymous_16)
FN:105,(anonymous_17)
FN:110,(anonymous_18)
FN:120,(anonymous_19)
FN:123,(anonymous_20)
FN:133,(anonymous_21)
FN:149,(anonymous_22)
FN:151,(anonymous_23)
FN:152,(anonymous_24)
FN:172,(anonymous_25)
FN:178,(anonymous_26)
FN:180,(anonymous_27)
FN:196,(anonymous_28)
FNF:27
FNH:15
FNDA:1,(anonymous_2)
FNDA:1,LogisticsSpecialistComponent
FNDA:1,(anonymous_4)
FNDA:1,(anonymous_5)
FNDA:1,(anonymous_6)
FNDA:0,(anonymous_7)
FNDA:0,(anonymous_8)
FNDA:1,(anonymous_9)
FNDA:1,(anonymous_10)
FNDA:1,(anonymous_11)
FNDA:1,(anonymous_12)
FNDA:0,(anonymous_13)
FNDA:0,(anonymous_14)
FNDA:0,(anonymous_15)
FNDA:0,(anonymous_16)
FNDA:1,(anonymous_17)
FNDA:1,(anonymous_18)
FNDA:1,(anonymous_19)
FNDA:0,(anonymous_20)
FNDA:0,(anonymous_21)
FNDA:1,(anonymous_22)
FNDA:1,(anonymous_23)
FNDA:1,(anonymous_24)
FNDA:0,(anonymous_25)
FNDA:0,(anonymous_26)
FNDA:0,(anonymous_27)
FNDA:0,(anonymous_28)
DA:1,1
DA:2,1
DA:3,1
DA:5,1
DA:6,1
DA:7,1
DA:15,1
DA:17,1
DA:18,1
DA:19,1
DA:22,1
DA:23,1
DA:24,1
DA:25,1
DA:27,1
DA:28,1
DA:29,1
DA:30,1
DA:34,1
DA:40,1
DA:41,1
DA:42,1
DA:45,1
DA:46,1
DA:47,1
DA:50,1
DA:53,1
DA:54,0
DA:55,0
DA:59,1
DA:60,1
DA:61,1
DA:62,1
DA:65,1
DA:66,1
DA:67,1
DA:69,0
DA:70,0
DA:71,0
DA:72,0
DA:73,0
DA:76,0
DA:77,0
DA:83,1
DA:87,1
DA:88,0
DA:89,0
DA:90,0
DA:91,0
DA:92,0
DA:93,0
DA:95,0
DA:96,0
DA:101,1
DA:105,1
DA:106,1
DA:107,1
DA:108,1
DA:109,1
DA:110,1
DA:111,1
DA:121,1
DA:122,1
DA:123,1
DA:124,0
DA:125,0
DA:126,0
DA:128,0
DA:130,0
DA:133,1
DA:134,0
DA:136,1
DA:149,1
DA:150,1
DA:151,1
DA:152,1
DA:153,1
DA:172,1
DA:173,0
DA:178,1
DA:179,0
DA:180,0
DA:181,0
DA:182,0
DA:183,0
DA:185,0
DA:187,0
DA:190,0
DA:196,1
DA:197,0
DA:204,1
LF:91
LH:58
BRDA:62,0,0,1
BRDA:62,0,1,0
BRDA:67,1,0,0
BRDA:67,1,1,1
BRDA:87,2,0,0
BRDA:87,2,1,1
BRDA:92,3,0,0
BRDA:92,3,1,0
BRDA:95,4,0,0
BRDA:95,4,1,0
BRDA:95,5,0,0
BRDA:95,5,1,0
BRDA:121,6,0,0
BRDA:121,6,1,1
BRDA:124,7,0,0
BRDA:124,7,1,0
BRDA:125,8,0,0
BRDA:125,8,1,0
BRDA:134,9,0,0
BRDA:134,9,1,0
BRDA:139,10,0,0
BRDA:139,10,1,1
BRDA:140,11,0,0
BRDA:140,11,1,1
BRDA:142,12,0,1
BRDA:142,12,1,0
BRDA:150,13,0,1
BRDA:150,13,1,0
BRDA:150,14,0,1
BRDA:150,14,1,0
BRDA:181,15,0,0
BRDA:181,15,1,0
BRF:32
BRH:9
end_of_record
TN:
SF:C:\git\opviewer\src\app\layout\dashboard\components\marine-controller\marine-controller.component.ts
FN:15,(anonymous_2)
FN:21,MarineControllerComponent
FN:37,(anonymous_4)
FN:38,(anonymous_5)
FN:41,(anonymous_6)
FN:49,(anonymous_7)
FN:50,(anonymous_8)
FN:55,(anonymous_9)
FN:57,(anonymous_10)
FN:57,(anonymous_11)
FN:61,(anonymous_12)
FN:65,(anonymous_13)
FN:66,(anonymous_14)
FN:79,(anonymous_15)
FN:81,(anonymous_16)
FN:86,(anonymous_17)
FN:96,(anonymous_18)
FN:99,(anonymous_19)
FN:106,(anonymous_20)
FN:107,(anonymous_21)
FN:114,(anonymous_22)
FN:131,(anonymous_23)
FNF:22
FNH:12
FNDA:1,(anonymous_2)
FNDA:1,MarineControllerComponent
FNDA:1,(anonymous_4)
FNDA:1,(anonymous_5)
FNDA:1,(anonymous_6)
FNDA:0,(anonymous_7)
FNDA:0,(anonymous_8)
FNDA:1,(anonymous_9)
FNDA:1,(anonymous_10)
FNDA:1,(anonymous_11)
FNDA:1,(anonymous_12)
FNDA:0,(anonymous_13)
FNDA:0,(anonymous_14)
FNDA:0,(anonymous_15)
FNDA:0,(anonymous_16)
FNDA:0,(anonymous_17)
FNDA:1,(anonymous_18)
FNDA:1,(anonymous_19)
FNDA:1,(anonymous_20)
FNDA:0,(anonymous_21)
FNDA:0,(anonymous_22)
FNDA:0,(anonymous_23)
DA:1,1
DA:2,1
DA:3,1
DA:5,1
DA:6,1
DA:7,1
DA:15,1
DA:17,1
DA:18,1
DA:19,1
DA:22,1
DA:23,1
DA:24,1
DA:25,1
DA:28,1
DA:33,1
DA:34,1
DA:37,1
DA:38,1
DA:39,1
DA:42,1
DA:43,1
DA:44,1
DA:49,1
DA:50,0
DA:51,0
DA:55,1
DA:56,1
DA:57,1
DA:58,1
DA:60,1
DA:61,1
DA:62,1
DA:64,0
DA:65,0
DA:66,0
DA:68,0
DA:74,1
DA:78,1
DA:79,0
DA:80,0
DA:81,0
DA:82,0
DA:83,0
DA:84,0
DA:86,0
DA:87,0
DA:92,1
DA:96,1
DA:97,1
DA:98,1
DA:99,1
DA:100,1
DA:101,1
DA:107,1
DA:114,0
DA:115,0
DA:116,0
DA:131,1
DA:132,0
DA:138,1
LF:61
LH:43
BRDA:58,0,0,1
BRDA:58,0,1,0
BRDA:62,1,0,0
BRDA:62,1,1,1
BRDA:78,2,0,0
BRDA:78,2,1,1
BRDA:83,3,0,0
BRDA:83,3,1,0
BRDA:86,4,0,0
BRDA:86,4,1,0
BRDA:86,5,0,0
BRDA:86,5,1,0
BRDA:100,6,0,1
BRDA:100,6,1,0
BRDA:115,7,0,0
BRDA:115,7,1,0
BRF:16
BRH:4
end_of_record
TN:
SF:C:\git\opviewer\src\app\layout\dashboard\components\vessel-master\vessel-master.component.ts
FN:13,(anonymous_2)
FN:19,VesselMasterComponent
FN:35,(anonymous_4)
FN:36,(anonymous_5)
FN:39,(anonymous_6)
FN:47,(anonymous_7)
FN:48,(anonymous_8)
FN:53,(anonymous_9)
FN:55,(anonymous_10)
FN:71,(anonymous_11)
FN:79,(anonymous_12)
FN:80,(anonymous_13)
FN:87,(anonymous_14)
FN:104,(anonymous_15)
FN:111,(anonymous_16)
FNF:15
FNH:8
FNDA:1,(anonymous_2)
FNDA:1,VesselMasterComponent
FNDA:1,(anonymous_4)
FNDA:1,(anonymous_5)
FNDA:1,(anonymous_6)
FNDA:0,(anonymous_7)
FNDA:0,(anonymous_8)
FNDA:1,(anonymous_9)
FNDA:0,(anonymous_10)
FNDA:1,(anonymous_11)
FNDA:1,(anonymous_12)
FNDA:0,(anonymous_13)
FNDA:0,(anonymous_14)
FNDA:0,(anonymous_15)
FNDA:0,(anonymous_16)
DA:1,1
DA:2,1
DA:3,1
DA:5,1
DA:6,1
DA:13,1
DA:15,1
DA:16,1
DA:17,1
DA:20,1
DA:21,1
DA:22,1
DA:26,1
DA:31,1
DA:32,1
DA:33,1
DA:35,1
DA:36,1
DA:37,1
DA:40,1
DA:41,1
DA:42,1
DA:47,1
DA:48,0
DA:49,0
DA:53,1
DA:54,1
DA:55,0
DA:56,0
DA:57,0
DA:63,0
DA:67,1
DA:71,1
DA:72,1
DA:73,1
DA:74,1
DA:80,1
DA:87,0
DA:88,0
DA:89,0
DA:101,1
DA:104,1
DA:105,0
DA:111,1
DA:112,0
DA:115,1
LF:46
LH:35
BRDA:54,0,0,0
BRDA:54,0,1,1
BRDA:56,1,0,0
BRDA:56,1,1,0
BRDA:73,2,0,1
BRDA:73,2,1,0
BRDA:88,3,0,0
BRDA:88,3,1,0
BRF:8
BRH:2
end_of_record
TN:
SF:C:\git\opviewer\src\app\layout\dashboard\models\mapLegend.ts
FN:1,(anonymous_0)
FN:4,mapLegend
FN:8,(anonymous_2)
FN:13,(anonymous_3)
FN:19,mapMarkerIcon
FNF:5
FNH:5
FNDA:1,(anonymous_0)
FNDA:1,mapLegend
FNDA:6,(anonymous_2)
FNDA:1,(anonymous_3)
FNDA:12,mapMarkerIcon
DA:1,1
DA:5,1
DA:8,1
DA:9,6
DA:11,1
DA:13,1
DA:19,16
DA:20,12
DA:21,12
DA:22,12
DA:24,1
LF:11
LH:11
BRDA:19,0,0,4
BRDA:19,0,1,8
BRF:2
BRH:2
end_of_record
TN:
SF:C:\git\opviewer\src\app\layout\not-found\not-found-routing.module.ts
FN:15,(anonymous_1)
FNF:1
FNH:1
FNDA:1,(anonymous_1)
DA:1,1
DA:2,1
DA:3,1
DA:5,1
DA:15,1
DA:16,1
LF:6
LH:6
BRF:0
BRH:0
end_of_record
TN:
SF:C:\git\opviewer\src\app\layout\not-found\not-found.component.ts
FN:8,(anonymous_2)
FN:10,NotFoundComponent
FN:12,(anonymous_4)
FNF:3
FNH:3
FNDA:1,(anonymous_2)
FNDA:1,NotFoundComponent
FNDA:1,(anonymous_4)
DA:1,1
DA:8,1
DA:12,1
DA:15,1
LF:4
LH:4
BRF:0
BRH:0
end_of_record
TN:
SF:C:\git\opviewer\src\app\layout\not-found\not-found.module.ts
FN:14,(anonymous_1)
FNF:1
FNH:1
FNDA:2,(anonymous_1)
DA:1,1
DA:2,1
DA:4,1
DA:5,1
DA:14,1
LF:5
LH:5
BRF:0
BRH:0
end_of_record
TN:
SF:C:\git\opviewer\src\app\layout\reports\reports-routing-module.ts
FN:22,(anonymous_1)
FNF:1
FNH:1
FNDA:2,(anonymous_1)
DA:1,1
DA:2,1
DA:3,1
DA:8,1
DA:22,1
DA:23,1
LF:6
LH:6
BRF:0
BRH:0
end_of_record
TN:
SF:C:\git\opviewer\src\app\layout\reports\reports.component.ts
FN:10,(anonymous_2)
FN:14,ReportsComponent
FN:21,(anonymous_4)
FN:25,(anonymous_5)
FN:26,(anonymous_6)
FNF:5
FNH:5
FNDA:1,(anonymous_2)
FNDA:1,ReportsComponent
FNDA:1,(anonymous_4)
FNDA:1,(anonymous_5)
FNDA:1,(anonymous_6)
DA:1,1
DA:2,1
DA:3,1
DA:10,1
DA:12,1
DA:15,1
DA:16,1
DA:21,1
DA:22,1
DA:25,1
DA:26,1
DA:27,1
DA:28,1
DA:29,1
DA:31,0
DA:32,0
DA:34,1
DA:39,1
LF:18
LH:16
BRDA:27,0,0,1
BRDA:27,0,1,0
BRDA:30,1,0,0
BRDA:30,1,1,0
BRDA:30,1,2,0
BRDA:30,1,3,1
BRF:6
BRH:2
end_of_record
TN:
SF:C:\git\opviewer\src\app\layout\reports\reports.module.ts
FN:38,(anonymous_1)
FNF:1
FNH:1
FNDA:2,(anonymous_1)
DA:1,1
DA:2,1
DA:3,1
DA:4,1
DA:5,1
DA:6,1
DA:7,1
DA:8,1
DA:9,1
DA:10,1
DA:11,1
DA:12,1
DA:13,1
DA:14,1
DA:15,1
DA:38,1
LF:16
LH:16
BRF:0
BRH:0
end_of_record
TN:
SF:C:\git\opviewer\src\app\layout\reports\dpr\reports-dpr.component.ts
FN:26,(anonymous_2)
FN:27,ReportsDprComponent
FN:68,(anonymous_4)
FN:69,(anonymous_5)
FN:72,(anonymous_6)
FN:75,(anonymous_7)
FN:80,(anonymous_8)
FN:94,(anonymous_9)
FN:105,(anonymous_10)
FN:110,(anonymous_11)
FN:120,(anonymous_12)
FN:136,(anonymous_13)
FN:139,(anonymous_14)
FN:147,(anonymous_15)
FN:153,(anonymous_16)
FN:162,(anonymous_17)
FN:165,(anonymous_18)
FN:168,(anonymous_19)
FN:171,(anonymous_20)
FN:174,(anonymous_21)
FN:176,(anonymous_22)
FN:179,(anonymous_23)
FN:181,(anonymous_24)
FN:184,(anonymous_25)
FN:192,(anonymous_26)
FN:199,(anonymous_27)
FN:202,(anonymous_28)
FN:210,(anonymous_29)
FN:218,(anonymous_30)
FN:224,(anonymous_31)
FN:228,(anonymous_32)
FN:231,(anonymous_33)
FN:234,(anonymous_34)
FNF:33
FNH:9
FNDA:1,(anonymous_2)
FNDA:1,ReportsDprComponent
FNDA:1,(anonymous_4)
FNDA:0,(anonymous_5)
FNDA:1,(anonymous_6)
FNDA:1,(anonymous_7)
FNDA:0,(anonymous_8)
FNDA:0,(anonymous_9)
FNDA:0,(anonymous_10)
FNDA:0,(anonymous_11)
FNDA:0,(anonymous_12)
FNDA:0,(anonymous_13)
FNDA:0,(anonymous_14)
FNDA:0,(anonymous_15)
FNDA:0,(anonymous_16)
FNDA:0,(anonymous_17)
FNDA:0,(anonymous_18)
FNDA:0,(anonymous_19)
FNDA:2,(anonymous_20)
FNDA:0,(anonymous_21)
FNDA:0,(anonymous_22)
FNDA:0,(anonymous_23)
FNDA:0,(anonymous_24)
FNDA:2,(anonymous_25)
FNDA:0,(anonymous_26)
FNDA:1,(anonymous_27)
FNDA:1,(anonymous_28)
FNDA:0,(anonymous_29)
FNDA:0,(anonymous_30)
FNDA:0,(anonymous_31)
FNDA:0,(anonymous_32)
FNDA:0,(anonymous_33)
FNDA:0,(anonymous_34)
DA:1,1
DA:2,1
DA:3,1
DA:5,1
DA:6,1
DA:7,1
DA:9,1
DA:10,1
DA:12,1
DA:14,1
DA:15,1
DA:16,1
DA:18,1
DA:26,1
DA:28,1
DA:29,1
DA:30,1
DA:31,1
DA:32,1
DA:33,1
DA:34,1
DA:35,1
DA:36,1
DA:41,1
DA:42,1
DA:43,1
DA:44,1
DA:52,1
DA:56,1
DA:57,1
DA:58,1
DA:60,1
DA:65,1
DA:68,1
DA:69,1
DA:70,0
DA:72,1
DA:73,1
DA:74,1
DA:75,1
DA:76,1
DA:77,1
DA:80,0
DA:81,0
DA:82,0
DA:86,0
DA:87,0
DA:88,0
DA:94,1
DA:95,0
DA:96,0
DA:97,0
DA:98,0
DA:99,0
DA:101,0
DA:105,1
DA:106,0
DA:110,1
DA:111,0
DA:112,0
DA:113,0
DA:115,0
DA:117,0
DA:118,0
DA:121,0
DA:123,0
DA:131,0
DA:136,1
DA:137,0
DA:138,0
DA:139,0
DA:140,0
DA:143,0
DA:147,1
DA:148,0
DA:149,0
DA:150,0
DA:151,0
DA:153,0
DA:154,0
DA:155,0
DA:156,0
DA:162,1
DA:163,0
DA:165,1
DA:166,0
DA:168,1
DA:169,0
DA:171,1
DA:172,2
DA:174,1
DA:176,0
DA:177,0
DA:179,1
DA:181,0
DA:182,0
DA:184,1
DA:185,2
DA:186,2
DA:187,0
DA:189,2
DA:192,1
DA:193,0
DA:194,0
DA:195,0
DA:196,0
DA:197,0
DA:199,1
DA:200,1
DA:202,1
DA:203,1
DA:204,1
DA:210,1
DA:211,0
DA:212,0
DA:213,0
DA:215,0
DA:218,1
DA:219,0
DA:220,0
DA:221,0
DA:222,0
DA:224,1
DA:225,0
DA:228,1
DA:229,0
DA:231,1
DA:232,0
DA:234,1
DA:235,0
DA:237,1
LF:131
LH:70
BRDA:73,0,0,1
BRDA:73,0,1,0
BRDA:74,1,0,1
BRDA:74,1,1,0
BRDA:112,2,0,0
BRDA:112,2,1,0
BRDA:112,3,0,0
BRDA:112,3,1,0
BRDA:112,3,2,0
BRDA:121,4,0,0
BRDA:121,4,1,0
BRDA:137,5,0,0
BRDA:137,5,1,0
BRDA:137,6,0,0
BRDA:137,6,1,0
BRDA:155,7,0,0
BRDA:155,7,1,0
BRDA:186,8,0,0
BRDA:186,8,1,2
BRDA:212,9,0,0
BRDA:212,9,1,0
BRF:21
BRH:3
end_of_record
TN:
SF:C:\git\opviewer\src\app\layout\reports\dpr\reports-dpr.module.ts
FN:56,(anonymous_1)
FNF:1
FNH:1
FNDA:3,(anonymous_1)
DA:1,1
DA:2,1
DA:3,1
DA:4,1
DA:6,1
DA:7,1
DA:11,1
DA:12,1
DA:14,1
DA:15,1
DA:17,1
DA:18,1
DA:19,1
DA:20,1
DA:22,1
DA:23,1
DA:56,1
LF:17
LH:17
BRF:0
BRH:0
end_of_record
TN:
SF:C:\git\opviewer\src\app\layout\reports\dpr\ctv\ctv-summary\ctv-summary.component.ts
FN:20,(anonymous_2)
FN:32,CtvSummaryComponent
FN:41,(anonymous_4)
FN:44,(anonymous_5)
FN:47,(anonymous_6)
FN:53,(anonymous_7)
FN:57,(anonymous_8)
FN:61,(anonymous_9)
FN:65,(anonymous_10)
FNF:9
FNH:7
FNDA:1,(anonymous_2)
FNDA:2,CtvSummaryComponent
FNDA:1,(anonymous_4)
FNDA:1,(anonymous_5)
FNDA:0,(anonymous_6)
FNDA:8,(anonymous_7)
FNDA:18,(anonymous_8)
FNDA:8,(anonymous_9)
FNDA:0,(anonymous_10)
DA:1,1
DA:3,1
DA:4,1
DA:5,1
DA:6,1
DA:7,1
DA:8,1
DA:9,1
DA:20,1
DA:21,1
DA:22,1
DA:23,1
DA:24,1
DA:25,1
DA:27,2
DA:30,2
DA:33,2
DA:34,2
DA:35,2
DA:36,2
DA:37,2
DA:41,1
DA:43,1
DA:45,1
DA:48,0
DA:49,0
DA:53,1
DA:54,8
DA:57,18
DA:58,18
DA:61,1
DA:62,8
DA:65,1
DA:66,0
DA:68,1
LF:35
LH:32
BRDA:57,0,0,0
BRDA:57,0,1,18
BRDA:57,1,0,0
BRDA:57,1,1,18
BRF:4
BRH:2
end_of_record
TN:
SF:C:\git\opviewer\src\app\layout\reports\dpr\ctv\ctv-turbine-transfer\ctv-turbine-transfer.component.ts
FN:20,(anonymous_2)
FN:33,CtvTurbineTransferComponent
FN:43,(anonymous_4)
FN:44,(anonymous_5)
FN:47,(anonymous_6)
FN:56,(anonymous_7)
FN:60,(anonymous_8)
FN:67,(anonymous_9)
FN:71,(anonymous_10)
FN:75,(anonymous_11)
FN:79,(anonymous_12)
FNF:11
FNH:3
FNDA:1,(anonymous_2)
FNDA:1,CtvTurbineTransferComponent
FNDA:1,(anonymous_4)
FNDA:0,(anonymous_5)
FNDA:0,(anonymous_6)
FNDA:0,(anonymous_7)
FNDA:0,(anonymous_8)
FNDA:0,(anonymous_9)
FNDA:0,(anonymous_10)
FNDA:0,(anonymous_11)
FNDA:0,(anonymous_12)
DA:1,1
DA:3,1
DA:4,1
DA:5,1
DA:6,1
DA:7,1
DA:8,1
DA:9,1
DA:20,1
DA:21,1
DA:22,1
DA:23,1
DA:27,1
DA:34,1
DA:35,1
DA:36,1
DA:37,1
DA:38,1
DA:40,1
DA:43,1
DA:44,1
DA:47,1
DA:48,0
DA:49,0
DA:51,0
DA:52,0
DA:53,0
DA:57,0
DA:58,0
DA:61,0
DA:62,0
DA:67,1
DA:68,0
DA:71,1
DA:72,0
DA:75,1
DA:76,0
DA:79,1
DA:80,0
DA:82,1
LF:40
LH:27
BRDA:44,0,0,1
BRDA:44,0,1,1
BRDA:44,0,2,0
BRDA:48,1,0,0
BRDA:48,1,1,0
BRDA:75,2,0,0
BRDA:75,2,1,0
BRDA:75,3,0,0
BRDA:75,3,1,0
BRF:9
BRH:2
end_of_record
TN:
SF:C:\git\opviewer\src\app\layout\reports\dpr\ctv\ctvreport\ctvreport.component.ts
FN:24,(anonymous_14)
FN:70,CtvreportComponent
FN:94,(anonymous_16)
FN:97,(anonymous_17)
FN:119,(anonymous_18)
FN:123,(anonymous_19)
FN:133,(anonymous_20)
FN:155,(anonymous_21)
FN:158,(anonymous_22)
FN:162,(anonymous_23)
FN:185,(anonymous_24)
FN:189,(anonymous_25)
FN:193,(anonymous_26)
FN:194,(anonymous_27)
FN:205,(anonymous_28)
FN:209,(anonymous_29)
FN:218,(anonymous_30)
FN:222,(anonymous_31)
FN:230,(anonymous_32)
FN:233,(anonymous_33)
FN:236,(anonymous_34)
FN:238,(anonymous_35)
FN:239,(anonymous_36)
FN:244,(anonymous_37)
FN:254,(anonymous_38)
FN:256,(anonymous_39)
FN:277,(anonymous_40)
FN:279,(anonymous_41)
FN:282,(anonymous_42)
FN:290,(anonymous_43)
FN:292,(anonymous_44)
FN:296,(anonymous_45)
FN:301,(anonymous_46)
FN:303,(anonymous_47)
FN:306,(anonymous_48)
FN:312,(anonymous_49)
FN:317,(anonymous_50)
FN:324,(anonymous_51)
FN:329,(anonymous_52)
FN:370,(anonymous_53)
FN:377,(anonymous_56)
FN:379,(anonymous_57)
FN:403,(anonymous_58)
FN:423,(anonymous_59)
FN:428,(anonymous_60)
FN:432,(anonymous_61)
FN:437,(anonymous_62)
FN:440,(anonymous_63)
FN:455,(anonymous_64)
FN:464,(anonymous_65)
FN:487,(anonymous_66)
FN:500,(anonymous_67)
FN:506,(anonymous_68)
FN:529,(anonymous_69)
FN:553,(anonymous_70)
FN:555,(anonymous_71)
FN:562,(anonymous_72)
FN:565,(anonymous_73)
FN:568,(anonymous_74)
FN:571,(anonymous_75)
FNF:60
FNH:37
FNDA:1,(anonymous_14)
FNDA:8,CtvreportComponent
FNDA:8,(anonymous_16)
FNDA:4,(anonymous_17)
FNDA:4,(anonymous_18)
FNDA:4,(anonymous_19)
FNDA:4,(anonymous_20)
FNDA:0,(anonymous_21)
FNDA:0,(anonymous_22)
FNDA:1,(anonymous_23)
FNDA:0,(anonymous_24)
FNDA:0,(anonymous_25)
FNDA:0,(anonymous_26)
FNDA:0,(anonymous_27)
FNDA:0,(anonymous_28)
FNDA:1,(anonymous_29)
FNDA:1,(anonymous_30)
FNDA:0,(anonymous_31)
FNDA:4,(anonymous_32)
FNDA:4,(anonymous_33)
FNDA:4,(anonymous_34)
FNDA:4,(anonymous_35)
FNDA:0,(anonymous_36)
FNDA:4,(anonymous_37)
FNDA:4,(anonymous_38)
FNDA:4,(anonymous_39)
FNDA:4,(anonymous_40)
FNDA:4,(anonymous_41)
FNDA:0,(anonymous_42)
FNDA:4,(anonymous_43)
FNDA:4,(anonymous_44)
FNDA:0,(anonymous_45)
FNDA:4,(anonymous_46)
FNDA:4,(anonymous_47)
FNDA:0,(anonymous_48)
FNDA:4,(anonymous_49)
FNDA:4,(anonymous_50)
FNDA:4,(anonymous_51)
FNDA:4,(anonymous_52)
FNDA:4,(anonymous_53)
FNDA:44,(anonymous_56)
FNDA:484,(anonymous_57)
FNDA:4,(anonymous_58)
FNDA:0,(anonymous_59)
FNDA:0,(anonymous_60)
FNDA:0,(anonymous_61)
FNDA:0,(anonymous_62)
FNDA:0,(anonymous_63)
FNDA:0,(anonymous_64)
FNDA:0,(anonymous_65)
FNDA:4,(anonymous_66)
FNDA:4,(anonymous_67)
FNDA:0,(anonymous_68)
FNDA:8,(anonymous_69)
FNDA:6,(anonymous_70)
FNDA:4,(anonymous_71)
FNDA:20,(anonymous_72)
FNDA:0,(anonymous_73)
FNDA:0,(anonymous_74)
FNDA:0,(anonymous_75)
DA:1,1
DA:2,1
DA:3,1
DA:4,1
DA:5,1
DA:6,1
DA:7,1
DA:8,1
DA:9,1
DA:12,1
DA:13,1
DA:14,1
DA:16,1
DA:24,1
DA:25,1
DA:26,1
DA:27,8
DA:28,8
DA:30,8
DA:32,8
DA:39,8
DA:40,8
DA:41,8
DA:42,8
DA:58,8
DA:60,8
DA:62,8
DA:63,8
DA:64,8
DA:65,8
DA:66,8
DA:67,8
DA:71,8
DA:72,8
DA:73,8
DA:74,8
DA:75,8
DA:76,8
DA:77,8
DA:83,8
DA:84,8
DA:85,8
DA:94,1
DA:95,8
DA:97,1
DA:98,4
DA:99,4
DA:100,4
DA:101,4
DA:102,4
DA:103,4
DA:104,4
DA:105,4
DA:106,0
DA:108,4
DA:109,4
DA:111,4
DA:112,4
DA:114,0
DA:115,0
DA:119,4
DA:121,4
DA:124,4
DA:125,4
DA:133,4
DA:134,4
DA:135,4
DA:136,4
DA:137,4
DA:139,4
DA:140,4
DA:141,4
DA:142,4
DA:143,4
DA:146,0
DA:147,0
DA:148,0
DA:149,0
DA:155,1
DA:156,0
DA:158,1
DA:159,0
DA:160,0
DA:162,1
DA:164,1
DA:165,1
DA:166,1
DA:167,0
DA:169,1
DA:170,0
DA:172,1
DA:173,0
DA:174,0
DA:177,1
DA:178,1
DA:180,1
DA:181,1
DA:182,1
DA:186,0
DA:187,0
DA:190,0
DA:191,0
DA:194,0
DA:195,0
DA:196,0
DA:200,0
DA:201,0
DA:203,0
DA:205,0
DA:209,1
DA:210,1
DA:211,1
DA:213,1
DA:214,1
DA:215,1
DA:219,1
DA:220,1
DA:223,0
DA:224,0
DA:230,4
DA:231,4
DA:232,4
DA:233,4
DA:234,4
DA:235,4
DA:236,4
DA:238,4
DA:239,4
DA:240,4
DA:241,4
DA:245,4
DA:246,4
DA:247,0
DA:248,0
DA:249,0
DA:254,1
DA:255,4
DA:257,4
DA:258,4
DA:259,4
DA:261,0
DA:277,4
DA:278,4
DA:280,4
DA:283,0
DA:284,0
DA:290,4
DA:291,4
DA:293,4
DA:294,4
DA:297,0
DA:298,0
DA:301,4
DA:302,4
DA:304,4
DA:307,0
DA:308,0
DA:312,4
DA:313,4
DA:314,4
DA:317,4
DA:318,4
DA:319,4
DA:320,4
DA:321,4
DA:324,4
DA:326,4
DA:327,4
DA:328,4
DA:329,4
DA:330,4
DA:331,4
DA:332,4
DA:337,4
DA:338,4
DA:339,4
DA:340,4
DA:341,4
DA:342,4
DA:343,4
DA:344,4
DA:345,4
DA:346,4
DA:347,4
DA:349,4
DA:350,0
DA:351,0
DA:352,0
DA:353,0
DA:354,0
DA:355,0
DA:356,0
DA:357,0
DA:358,0
DA:360,4
DA:362,0
DA:363,0
DA:365,4
DA:370,1
DA:371,4
DA:372,4
DA:373,4
DA:374,4
DA:377,4
DA:378,44
DA:379,484
DA:380,44
DA:381,0
DA:382,44
DA:383,0
DA:385,44
DA:388,4
DA:393,4
DA:395,0
DA:396,0
DA:403,1
DA:404,4
DA:405,4
DA:406,4
DA:407,4
DA:408,4
DA:409,4
DA:410,4
DA:411,0
DA:415,0
DA:416,0
DA:417,0
DA:418,0
DA:423,1
DA:424,0
DA:425,0
DA:428,1
DA:429,0
DA:430,0
DA:431,0
DA:432,0
DA:434,0
DA:436,0
DA:437,0
DA:438,0
DA:441,0
DA:452,0
DA:453,0
DA:455,0
DA:456,0
DA:457,0
DA:458,0
DA:459,0
DA:460,0
DA:461,0
DA:464,0
DA:465,0
DA:467,0
DA:477,0
DA:478,0
DA:479,0
DA:487,1
DA:488,4
DA:489,4
DA:490,4
DA:491,4
DA:492,4
DA:493,4
DA:494,4
DA:495,4
DA:496,4
DA:497,4
DA:498,4
DA:500,1
DA:502,4
DA:503,0
DA:504,0
DA:506,4
DA:507,4
DA:508,0
DA:509,0
DA:510,0
DA:511,0
DA:513,0
DA:516,0
DA:517,0
DA:518,0
DA:520,0
DA:521,4
DA:522,4
DA:523,4
DA:525,0
DA:526,0
DA:529,1
DA:530,8
DA:531,7
DA:535,3
DA:539,2
DA:540,2
DA:545,1
DA:550,8
DA:553,1
DA:554,6
DA:555,4
DA:556,3
DA:557,1
DA:559,2
DA:562,1
DA:563,20
DA:565,1
DA:566,0
DA:568,1
DA:569,0
DA:571,1
DA:572,0
DA:574,1
LF:311
LH:212
BRDA:105,0,0,0
BRDA:105,0,1,4
BRDA:108,1,0,4
BRDA:108,1,1,0
BRDA:108,2,0,4
BRDA:108,2,1,4
BRDA:108,2,2,0
BRDA:124,3,0,4
BRDA:124,3,1,0
BRDA:134,4,0,4
BRDA:134,4,1,0
BRDA:156,5,0,0
BRDA:156,5,1,0
BRDA:164,6,0,1
BRDA:164,6,1,0
BRDA:164,7,0,1
BRDA:164,7,1,1
BRDA:166,8,0,0
BRDA:166,8,1,1
BRDA:169,9,0,0
BRDA:169,9,1,1
BRDA:172,10,0,0
BRDA:172,10,1,1
BRDA:210,11,0,1
BRDA:210,11,1,0
BRDA:235,12,0,4
BRDA:235,12,1,0
BRDA:240,13,0,0
BRDA:240,13,1,4
BRDA:246,14,0,0
BRDA:246,14,1,4
BRDA:257,15,0,4
BRDA:257,15,1,0
BRDA:293,16,0,4
BRDA:293,16,1,0
BRDA:330,17,0,4
BRDA:330,17,1,0
BRDA:330,18,0,4
BRDA:330,18,1,4
BRDA:330,18,2,4
BRDA:337,19,0,4
BRDA:337,19,1,4
BRDA:339,20,0,4
BRDA:339,20,1,0
BRDA:339,21,0,4
BRDA:339,21,1,4
BRDA:349,22,0,0
BRDA:349,22,1,4
BRDA:355,23,0,0
BRDA:355,23,1,0
BRDA:356,24,0,0
BRDA:356,24,1,0
BRDA:371,25,0,4
BRDA:371,25,1,0
BRDA:371,26,0,4
BRDA:371,26,1,4
BRDA:379,27,0,484
BRDA:379,27,1,484
BRDA:380,28,0,0
BRDA:380,28,1,44
BRDA:380,29,0,44
BRDA:380,29,1,0
BRDA:382,30,0,0
BRDA:382,30,1,44
BRDA:407,31,0,4
BRDA:407,31,1,4
BRDA:411,32,0,0
BRDA:411,32,1,0
BRDA:424,33,0,0
BRDA:424,33,1,0
BRDA:424,34,0,0
BRDA:424,34,1,0
BRDA:430,35,0,0
BRDA:430,35,1,0
BRDA:449,36,0,0
BRDA:449,36,1,0
BRDA:456,37,0,0
BRDA:456,37,1,0
BRDA:456,38,0,0
BRDA:456,38,1,0
BRDA:502,39,0,0
BRDA:502,39,1,4
BRDA:507,40,0,0
BRDA:507,40,1,4
BRDA:510,41,0,0
BRDA:510,41,1,0
BRDA:513,42,0,0
BRDA:513,42,1,0
BRDA:521,43,0,4
BRDA:521,43,1,0
BRDA:530,44,0,7
BRDA:530,44,1,1
BRDA:531,45,0,3
BRDA:531,45,1,4
BRDA:532,46,0,7
BRDA:532,46,1,3
BRDA:535,47,0,2
BRDA:535,47,1,1
BRDA:540,48,0,1
BRDA:540,48,1,1
BRDA:541,49,0,2
BRDA:541,49,1,1
BRDA:541,49,2,1
BRDA:554,50,0,3
BRDA:554,50,1,3
BRDA:555,51,0,4
BRDA:555,51,1,3
BRDA:556,52,0,1
BRDA:556,52,1,2
BRDA:568,53,0,0
BRDA:568,53,1,0
BRDA:568,54,0,0
BRDA:568,54,1,0
BRF:113
BRH:60
end_of_record
TN:
SF:C:\git\opviewer\src\app\layout\reports\dpr\ctv\ctvreport\ctvreport.module.ts
FN:44,(anonymous_1)
FNF:1
FNH:1
FNDA:3,(anonymous_1)
DA:1,1
DA:2,1
DA:3,1
DA:4,1
DA:6,1
DA:7,1
DA:8,1
DA:9,1
DA:10,1
DA:11,1
DA:12,1
DA:13,1
DA:14,1
DA:15,1
DA:44,1
LF:15
LH:15
BRF:0
BRH:0
end_of_record
TN:
SF:C:\git\opviewer\src\app\layout\reports\dpr\ctv\models\ctvslipgraph\ctvslipgraph.component.ts
FN:14,(anonymous_2)
FN:32,CtvslipgraphComponent
FN:40,(anonymous_4)
FN:52,(anonymous_5)
FN:133,(anonymous_6)
FN:136,(anonymous_7)
FN:146,(anonymous_8)
FN:173,(anonymous_9)
FN:177,(anonymous_10)
FN:183,(anonymous_11)
FNF:10
FNH:3
FNDA:1,(anonymous_2)
FNDA:1,CtvslipgraphComponent
FNDA:0,(anonymous_4)
FNDA:0,(anonymous_5)
FNDA:0,(anonymous_6)
FNDA:0,(anonymous_7)
FNDA:0,(anonymous_8)
FNDA:1,(anonymous_9)
FNDA:0,(anonymous_10)
FNDA:0,(anonymous_11)
DA:1,1
DA:2,1
DA:4,1
DA:5,1
DA:6,1
DA:14,1
DA:15,1
DA:16,1
DA:17,1
DA:18,1
DA:24,1
DA:30,1
DA:33,1
DA:34,1
DA:35,1
DA:36,1
DA:40,1
DA:41,0
DA:42,0
DA:43,0
DA:44,0
DA:45,0
DA:47,0
DA:48,0
DA:52,1
DA:53,0
DA:54,0
DA:55,0
DA:56,0
DA:57,0
DA:115,0
DA:116,0
DA:117,0
DA:119,0
DA:120,0
DA:121,0
DA:122,0
DA:123,0
DA:124,0
DA:128,0
DA:129,0
DA:133,1
DA:134,0
DA:135,0
DA:136,0
DA:137,0
DA:146,0
DA:147,0
DA:148,0
DA:149,0
DA:150,0
DA:152,0
DA:153,0
DA:158,0
DA:162,0
DA:163,0
DA:169,0
DA:170,0
DA:173,2
DA:174,1
DA:177,1
DA:178,0
DA:183,1
DA:184,0
DA:185,0
DA:186,0
DA:187,0
DA:188,0
DA:190,1
LF:69
LH:24
BRDA:45,0,0,0
BRDA:45,0,1,0
BRDA:47,1,0,0
BRDA:47,1,1,0
BRDA:55,2,0,0
BRDA:55,2,1,0
BRDA:55,3,0,0
BRDA:55,3,1,0
BRDA:84,4,0,0
BRDA:84,4,1,0
BRDA:115,5,0,0
BRDA:115,5,1,0
BRDA:116,6,0,0
BRDA:116,6,1,0
BRDA:139,7,0,0
BRDA:139,7,1,0
BRDA:148,8,0,0
BRDA:148,8,1,0
BRDA:152,9,0,0
BRDA:152,9,1,0
BRDA:173,10,0,0
BRDA:173,10,1,1
BRDA:173,11,0,1
BRDA:173,11,1,0
BRF:24
BRH:2
end_of_record
TN:
SF:C:\git\opviewer\src\app\layout\reports\dpr\map\dpr-map\dpr-map.component.ts
FN:13,(anonymous_16)
FN:21,DprMapComponent
FN:49,(anonymous_18)
FN:52,(anonymous_19)
FN:55,(anonymous_20)
FN:59,(anonymous_21)
FN:67,(anonymous_22)
FN:80,(anonymous_23)
FN:94,(anonymous_24)
FN:95,(anonymous_25)
FN:97,(anonymous_26)
FN:104,(anonymous_27)
FN:120,(anonymous_28)
FN:126,(anonymous_29)
FN:133,(anonymous_30)
FN:134,(anonymous_33)
FN:139,(anonymous_34)
FN:140,(anonymous_35)
FN:141,(anonymous_36)
FN:143,(anonymous_37)
FN:150,(anonymous_38)
FN:153,(anonymous_39)
FN:156,(anonymous_40)
FN:160,(anonymous_41)
FN:161,(anonymous_44)
FN:167,(anonymous_45)
FN:168,(anonymous_46)
FN:169,(anonymous_47)
FN:171,(anonymous_48)
FN:179,(anonymous_49)
FN:182,(anonymous_50)
FN:186,(anonymous_51)
FN:192,(anonymous_52)
FN:197,(anonymous_53)
FN:199,(anonymous_54)
FN:200,(anonymous_55)
FN:210,(anonymous_56)
FN:212,(anonymous_57)
FN:226,(anonymous_58)
FN:228,(anonymous_59)
FN:242,(anonymous_60)
FN:251,(anonymous_61)
FNF:42
FNH:25
FNDA:1,(anonymous_16)
FNDA:1,DprMapComponent
FNDA:6,(anonymous_18)
FNDA:4,(anonymous_19)
FNDA:0,(anonymous_20)
FNDA:3,(anonymous_21)
FNDA:1,(anonymous_22)
FNDA:1,(anonymous_23)
FNDA:1,(anonymous_24)
FNDA:1,(anonymous_25)
FNDA:1,(anonymous_26)
FNDA:1,(anonymous_27)
FNDA:1,(anonymous_28)
FNDA:1,(anonymous_29)
FNDA:1,(anonymous_30)
FNDA:1,(anonymous_33)
FNDA:24,(anonymous_34)
FNDA:1174,(anonymous_35)
FNDA:1272,(anonymous_36)
FNDA:0,(anonymous_37)
FNDA:0,(anonymous_38)
FNDA:0,(anonymous_39)
FNDA:0,(anonymous_40)
FNDA:1,(anonymous_41)
FNDA:1,(anonymous_44)
FNDA:24,(anonymous_45)
FNDA:1174,(anonymous_46)
FNDA:1272,(anonymous_47)
FNDA:0,(anonymous_48)
FNDA:0,(anonymous_49)
FNDA:0,(anonymous_50)
FNDA:0,(anonymous_51)
FNDA:1,(anonymous_52)
FNDA:1,(anonymous_53)
FNDA:0,(anonymous_54)
FNDA:0,(anonymous_55)
FNDA:0,(anonymous_56)
FNDA:0,(anonymous_57)
FNDA:0,(anonymous_58)
FNDA:0,(anonymous_59)
FNDA:0,(anonymous_60)
FNDA:0,(anonymous_61)
DA:1,1
DA:2,1
DA:3,1
DA:4,1
DA:5,1
DA:6,1
DA:13,1
DA:14,1
DA:15,1
DA:16,1
DA:17,1
DA:18,1
DA:19,1
DA:22,1
DA:23,1
DA:24,1
DA:25,1
DA:26,1
DA:39,1
DA:44,1
DA:45,1
DA:46,1
DA:49,1
DA:50,6
DA:52,1
DA:53,4
DA:55,1
DA:56,0
DA:59,1
DA:60,3
DA:67,1
DA:68,1
DA:69,1
DA:70,1
DA:72,1
DA:73,1
DA:74,1
DA:75,1
DA:80,1
DA:81,1
DA:82,1
DA:83,1
DA:84,1
DA:85,1
DA:88,0
DA:89,0
DA:94,1
DA:95,1
DA:96,1
DA:97,1
DA:98,1
DA:99,1
DA:104,1
DA:105,1
DA:106,1
DA:108,1
DA:109,1
DA:114,1
DA:115,0
DA:116,0
DA:120,1
DA:121,1
DA:122,1
DA:126,1
DA:127,1
DA:128,0
DA:130,1
DA:131,1
DA:133,1
DA:134,1
DA:135,1
DA:136,1
DA:137,1
DA:138,1
DA:139,24
DA:140,1174
DA:141,1272
DA:142,24
DA:143,24
DA:144,0
DA:145,0
DA:146,0
DA:150,1
DA:152,0
DA:153,0
DA:154,0
DA:156,0
DA:160,1
DA:161,1
DA:162,1
DA:164,1
DA:165,1
DA:166,1
DA:167,24
DA:168,1174
DA:169,1272
DA:170,24
DA:171,24
DA:172,0
DA:173,0
DA:174,0
DA:175,0
DA:179,1
DA:181,0
DA:182,0
DA:183,0
DA:184,0
DA:186,0
DA:192,1
DA:193,1
DA:194,1
DA:195,1
DA:197,1
DA:198,1
DA:199,1
DA:200,1
DA:202,1
DA:203,1
DA:204,0
DA:206,1
DA:207,1
DA:208,1
DA:210,1
DA:212,0
DA:213,0
DA:218,0
DA:226,0
DA:227,0
DA:228,0
DA:229,0
DA:230,0
DA:231,0
DA:232,0
DA:233,0
DA:235,0
DA:240,0
DA:242,1
DA:243,0
DA:250,0
DA:251,0
DA:252,0
DA:253,0
DA:254,0
DA:255,0
DA:257,0
DA:261,0
DA:263,1
LF:147
LH:102
BRDA:53,0,0,4
BRDA:53,0,1,2
BRDA:53,0,2,4
BRDA:53,0,3,4
BRDA:56,1,0,0
BRDA:56,1,1,0
BRDA:56,1,2,0
BRDA:56,1,3,0
BRDA:60,2,0,3
BRDA:60,2,1,3
BRDA:60,2,2,3
BRDA:60,2,3,3
BRDA:60,2,4,3
BRDA:68,3,0,1
BRDA:68,3,1,0
BRDA:69,4,0,1
BRDA:69,4,1,0
BRDA:98,5,0,1
BRDA:98,5,1,0
BRDA:106,6,0,1
BRDA:106,6,1,0
BRDA:108,7,0,1
BRDA:108,7,1,0
BRDA:108,7,2,0
BRDA:114,8,0,0
BRDA:114,8,1,1
BRDA:114,9,0,1
BRDA:114,9,1,1
BRDA:127,10,0,0
BRDA:127,10,1,1
BRDA:136,11,0,1
BRDA:136,11,1,0
BRDA:136,12,0,1
BRDA:136,12,1,1
BRDA:145,13,0,0
BRDA:145,13,1,0
BRDA:164,14,0,1
BRDA:164,14,1,0
BRDA:164,15,0,1
BRDA:164,15,1,1
BRDA:174,16,0,0
BRDA:174,16,1,0
BRDA:203,17,0,0
BRDA:203,17,1,1
BRDA:203,18,0,1
BRDA:203,18,1,1
BRDA:227,19,0,0
BRDA:227,19,1,0
BRDA:229,20,0,0
BRDA:229,20,1,0
BRDA:232,21,0,0
BRDA:232,21,1,0
BRDA:252,22,0,0
BRDA:252,22,1,0
BRDA:254,23,0,0
BRDA:254,23,1,0
BRF:56
BRH:27
end_of_record
TN:
SF:C:\git\opviewer\src\app\layout\reports\dpr\map\dpr-map\dpr-map.module.ts
FN:25,(anonymous_1)
FNF:1
FNH:1
FNDA:2,(anonymous_1)
DA:1,1
DA:2,1
DA:3,1
DA:4,1
DA:5,1
DA:6,1
DA:7,1
DA:25,1
LF:8
LH:8
BRF:0
BRH:0
end_of_record
TN:
SF:C:\git\opviewer\src\app\layout\reports\dpr\models\weatherChart.ts
FN:7,(anonymous_2)
FN:30,WeatherOverviewChart
FN:38,(anonymous_4)
FN:40,(anonymous_5)
FN:44,(anonymous_6)
FN:49,(anonymous_7)
FN:65,(anonymous_8)
FN:117,(anonymous_9)
FN:193,(anonymous_10)
FN:202,(anonymous_11)
FN:209,(anonymous_12)
FN:214,(anonymous_13)
FN:231,(anonymous_14)
FN:237,(anonymous_15)
FN:243,(anonymous_16)
FN:248,(anonymous_17)
FN:249,(anonymous_18)
FN:259,(anonymous_19)
FN:274,(anonymous_20)
FN:275,(anonymous_21)
FN:287,(anonymous_22)
FN:303,(anonymous_23)
FNF:22
FNH:1
FNDA:1,(anonymous_2)
FNDA:0,WeatherOverviewChart
FNDA:0,(anonymous_4)
FNDA:0,(anonymous_5)
FNDA:0,(anonymous_6)
FNDA:0,(anonymous_7)
FNDA:0,(anonymous_8)
FNDA:0,(anonymous_9)
FNDA:0,(anonymous_10)
FNDA:0,(anonymous_11)
FNDA:0,(anonymous_12)
FNDA:0,(anonymous_13)
FNDA:0,(anonymous_14)
FNDA:0,(anonymous_15)
FNDA:0,(anonymous_16)
FNDA:0,(anonymous_17)
FNDA:0,(anonymous_18)
FNDA:0,(anonymous_19)
FNDA:0,(anonymous_20)
FNDA:0,(anonymous_21)
FNDA:0,(anonymous_22)
FNDA:0,(anonymous_23)
DA:1,1
DA:2,1
DA:7,1
DA:8,1
DA:20,0
DA:30,0
DA:32,0
DA:33,0
DA:34,0
DA:36,0
DA:38,0
DA:39,0
DA:40,0
DA:41,0
DA:43,0
DA:44,0
DA:45,0
DA:47,0
DA:48,0
DA:49,0
DA:50,0
DA:52,0
DA:53,0
DA:58,0
DA:59,0
DA:61,0
DA:64,0
DA:65,0
DA:66,0
DA:67,0
DA:69,0
DA:70,0
DA:72,0
DA:73,0
DA:74,0
DA:76,0
DA:78,0
DA:80,0
DA:118,0
DA:119,0
DA:121,0
DA:194,0
DA:195,0
DA:196,0
DA:197,0
DA:198,0
DA:200,0
DA:203,0
DA:204,0
DA:205,0
DA:210,0
DA:215,0
DA:216,0
DA:217,0
DA:219,0
DA:221,0
DA:222,0
DA:224,0
DA:231,1
DA:235,0
DA:237,1
DA:238,0
DA:239,0
DA:243,1
DA:244,0
DA:245,0
DA:246,0
DA:248,0
DA:249,0
DA:250,0
DA:252,0
DA:253,0
DA:255,0
DA:256,0
DA:259,1
DA:260,0
DA:262,0
DA:264,0
DA:266,0
DA:268,0
DA:271,0
DA:274,1
DA:275,0
DA:276,0
DA:277,0
DA:278,0
DA:279,0
DA:280,0
DA:281,0
DA:283,0
DA:287,1
DA:288,0
DA:290,0
DA:292,0
DA:294,0
DA:296,0
DA:298,0
DA:300,0
DA:303,1
DA:304,0
DA:305,0
DA:307,0
DA:308,0
DA:309,0
DA:311,0
DA:315,1
LF:106
LH:12
BRDA:58,0,0,0
BRDA:58,0,1,0
BRDA:66,1,0,0
BRDA:66,1,1,0
BRDA:69,2,0,0
BRDA:69,2,1,0
BRDA:72,3,0,0
BRDA:72,3,1,0
BRDA:80,4,0,0
BRDA:80,4,1,0
BRDA:118,5,0,0
BRDA:118,5,1,0
BRDA:195,6,0,0
BRDA:195,6,1,0
BRDA:196,7,0,0
BRDA:196,7,1,0
BRDA:219,8,0,0
BRDA:219,8,1,0
BRDA:238,9,0,0
BRDA:238,9,1,0
BRDA:244,10,0,0
BRDA:244,10,1,0
BRDA:244,11,0,0
BRDA:244,11,1,0
BRDA:245,12,0,0
BRDA:245,12,1,0
BRDA:261,13,0,0
BRDA:261,13,1,0
BRDA:261,13,2,0
BRDA:261,13,3,0
BRDA:261,13,4,0
BRDA:261,13,5,0
BRDA:261,13,6,0
BRDA:261,13,7,0
BRDA:261,13,8,0
BRDA:261,13,9,0
BRDA:278,14,0,0
BRDA:278,14,1,0
BRDA:280,15,0,0
BRDA:280,15,1,0
BRDA:289,16,0,0
BRDA:289,16,1,0
BRDA:289,16,2,0
BRDA:289,16,3,0
BRDA:289,16,4,0
BRDA:289,16,5,0
BRDA:304,17,0,0
BRDA:304,17,1,0
BRDA:308,18,0,0
BRDA:308,18,1,0
BRF:50
BRH:0
end_of_record
TN:
SF:C:\git\opviewer\src\app\layout\reports\dpr\sov\sovreport.component.ts
FN:29,(anonymous_2)
FN:77,SovreportComponent
FN:87,(anonymous_4)
FN:91,(anonymous_5)
FN:93,(anonymous_6)
FN:100,(anonymous_7)
FN:116,(anonymous_8)
FN:125,(anonymous_9)
FN:176,(anonymous_10)
FN:198,(anonymous_11)
FN:224,(anonymous_12)
FN:226,(anonymous_13)
FN:229,(anonymous_14)
FN:242,(anonymous_15)
FN:270,(anonymous_16)
FN:273,(anonymous_17)
FN:277,(anonymous_18)
FN:280,(anonymous_19)
FN:284,(anonymous_20)
FN:286,(anonymous_21)
FN:293,(anonymous_22)
FN:296,(anonymous_23)
FN:321,(anonymous_24)
FN:345,(anonymous_25)
FN:349,(anonymous_26)
FN:356,(anonymous_27)
FN:360,(anonymous_28)
FN:367,(anonymous_29)
FN:374,(anonymous_30)
FN:394,(anonymous_31)
FN:406,(anonymous_32)
FN:412,(anonymous_33)
FN:421,(anonymous_34)
FN:469,(anonymous_35)
FN:517,(anonymous_36)
FN:524,(anonymous_37)
FN:528,(anonymous_38)
FN:552,(anonymous_39)
FN:571,(anonymous_40)
FN:575,(anonymous_41)
FN:579,(anonymous_42)
FN:583,(anonymous_43)
FN:590,(anonymous_44)
FN:601,(anonymous_45)
FN:602,(anonymous_46)
FN:621,(anonymous_47)
FNF:46
FNH:23
FNDA:1,(anonymous_2)
FNDA:8,SovreportComponent
FNDA:8,(anonymous_4)
FNDA:7,(anonymous_5)
FNDA:7,(anonymous_6)
FNDA:7,(anonymous_7)
FNDA:7,(anonymous_8)
FNDA:0,(anonymous_9)
FNDA:7,(anonymous_10)
FNDA:0,(anonymous_11)
FNDA:0,(anonymous_12)
FNDA:0,(anonymous_13)
FNDA:0,(anonymous_14)
FNDA:0,(anonymous_15)
FNDA:7,(anonymous_16)
FNDA:0,(anonymous_17)
FNDA:0,(anonymous_18)
FNDA:0,(anonymous_19)
FNDA:7,(anonymous_20)
FNDA:4,(anonymous_21)
FNDA:7,(anonymous_22)
FNDA:7,(anonymous_23)
FNDA:7,(anonymous_24)
FNDA:7,(anonymous_25)
FNDA:7,(anonymous_26)
FNDA:0,(anonymous_27)
FNDA:7,(anonymous_28)
FNDA:77,(anonymous_29)
FNDA:847,(anonymous_30)
FNDA:0,(anonymous_31)
FNDA:0,(anonymous_32)
FNDA:7,(anonymous_33)
FNDA:0,(anonymous_34)
FNDA:0,(anonymous_35)
FNDA:0,(anonymous_36)
FNDA:0,(anonymous_37)
FNDA:0,(anonymous_38)
FNDA:8,(anonymous_39)
FNDA:0,(anonymous_40)
FNDA:0,(anonymous_41)
FNDA:0,(anonymous_42)
FNDA:0,(anonymous_43)
FNDA:0,(anonymous_44)
FNDA:14,(anonymous_45)
FNDA:0,(anonymous_46)
FNDA:7,(anonymous_47)
DA:1,1
DA:3,1
DA:4,1
DA:5,1
DA:6,1
DA:7,1
DA:8,1
DA:9,1
DA:10,1
DA:11,1
DA:12,1
DA:13,1
DA:15,1
DA:16,1
DA:29,1
DA:30,9
DA:31,8
DA:33,1
DA:34,1
DA:35,1
DA:38,8
DA:43,8
DA:48,8
DA:49,8
DA:50,8
DA:53,8
DA:55,8
DA:56,8
DA:57,8
DA:58,8
DA:60,8
DA:61,8
DA:64,8
DA:66,8
DA:67,8
DA:68,8
DA:71,8
DA:75,8
DA:78,8
DA:79,8
DA:80,8
DA:81,8
DA:82,8
DA:83,8
DA:87,1
DA:88,8
DA:89,8
DA:91,1
DA:92,7
DA:93,7
DA:95,7
DA:96,7
DA:100,7
DA:101,7
DA:102,7
DA:117,7
DA:118,7
DA:119,7
DA:120,7
DA:121,7
DA:122,7
DA:125,7
DA:126,0
DA:129,7
DA:130,7
DA:131,7
DA:132,7
DA:133,7
DA:134,7
DA:136,7
DA:137,7
DA:138,7
DA:139,7
DA:145,7
DA:149,7
DA:150,7
DA:151,7
DA:153,7
DA:154,7
DA:156,0
DA:158,7
DA:159,7
DA:177,7
DA:178,7
DA:179,7
DA:180,7
DA:183,7
DA:184,7
DA:186,7
DA:187,0
DA:188,7
DA:189,0
DA:191,7
DA:193,7
DA:194,7
DA:195,7
DA:198,7
DA:199,0
DA:204,0
DA:209,0
DA:214,0
DA:221,7
DA:222,7
DA:223,0
DA:225,0
DA:226,0
DA:227,0
DA:230,0
DA:234,0
DA:242,0
DA:243,0
DA:246,7
DA:249,7
DA:250,7
DA:251,7
DA:256,0
DA:257,0
DA:259,0
DA:261,0
DA:262,0
DA:263,0
DA:264,0
DA:270,1
DA:271,7
DA:273,1
DA:277,1
DA:278,0
DA:280,1
DA:281,0
DA:284,7
DA:285,7
DA:286,4
DA:287,4
DA:288,4
DA:293,7
DA:294,7
DA:297,7
DA:298,7
DA:299,7
DA:300,7
DA:301,0
DA:302,0
DA:303,7
DA:304,0
DA:305,0
DA:307,7
DA:313,7
DA:314,7
DA:315,7
DA:321,1
DA:322,7
DA:324,7
DA:325,0
DA:326,7
DA:327,4
DA:328,3
DA:329,0
DA:330,3
DA:331,0
DA:332,3
DA:333,0
DA:335,3
DA:337,7
DA:338,7
DA:340,0
DA:342,7
DA:345,7
DA:346,7
DA:349,7
DA:350,7
DA:351,7
DA:352,7
DA:356,1
DA:357,0
DA:360,7
DA:361,7
DA:362,7
DA:363,7
DA:364,7
DA:367,7
DA:368,77
DA:373,77
DA:374,847
DA:377,77
DA:378,0
DA:379,77
DA:380,0
DA:382,77
DA:385,7
DA:390,7
DA:394,1
DA:399,0
DA:406,1
DA:407,0
DA:412,7
DA:413,7
DA:414,7
DA:417,7
DA:420,7
DA:421,0
DA:422,0
DA:426,0
DA:429,0
DA:434,0
DA:439,0
DA:444,0
DA:449,0
DA:456,0
DA:463,0
DA:467,0
DA:468,7
DA:469,0
DA:470,0
DA:474,0
DA:478,0
DA:483,0
DA:488,0
DA:493,0
DA:500,0
DA:507,0
DA:508,0
DA:512,0
DA:514,7
DA:516,7
DA:517,0
DA:518,0
DA:523,7
DA:524,0
DA:525,0
DA:528,0
DA:529,0
DA:532,0
DA:537,0
DA:542,0
DA:552,1
DA:553,8
DA:555,0
DA:556,0
DA:558,0
DA:559,0
DA:561,0
DA:562,0
DA:564,0
DA:565,0
DA:567,8
DA:571,1
DA:572,0
DA:575,1
DA:576,0
DA:579,1
DA:580,0
DA:583,1
DA:584,0
DA:590,1
DA:591,0
DA:593,0
DA:595,0
DA:597,0
DA:601,1
DA:602,14
DA:603,0
DA:604,0
DA:605,0
DA:606,0
DA:608,0
DA:611,0
DA:612,0
DA:613,0
DA:614,0
DA:616,0
DA:621,1
DA:622,7
DA:623,7
DA:624,7
DA:625,7
DA:626,7
DA:627,7
DA:628,7
DA:635,1
LF:279
LH:183
BRDA:93,0,0,7
BRDA:93,0,1,0
BRDA:129,1,0,7
BRDA:129,1,1,0
BRDA:130,2,0,7
BRDA:130,2,1,7
BRDA:133,3,0,7
BRDA:133,3,1,0
BRDA:134,4,0,0
BRDA:134,4,1,7
BRDA:136,5,0,0
BRDA:136,5,1,7
BRDA:136,6,0,7
BRDA:136,6,1,7
BRDA:137,7,0,0
BRDA:137,7,1,7
BRDA:137,8,0,7
BRDA:137,8,1,7
BRDA:138,9,0,7
BRDA:138,9,1,0
BRDA:145,10,0,7
BRDA:145,10,1,0
BRDA:146,11,0,7
BRDA:146,11,1,7
BRDA:151,12,0,7
BRDA:151,12,1,0
BRDA:153,13,0,7
BRDA:153,13,1,7
BRDA:186,14,0,0
BRDA:186,14,1,7
BRDA:188,15,0,0
BRDA:188,15,1,7
BRDA:222,16,0,0
BRDA:222,16,1,7
BRDA:225,17,0,0
BRDA:225,17,1,0
BRDA:227,18,0,0
BRDA:227,18,1,0
BRDA:243,19,0,0
BRDA:243,19,1,0
BRDA:256,20,0,0
BRDA:256,20,1,0
BRDA:285,21,0,4
BRDA:285,21,1,3
BRDA:287,22,0,4
BRDA:287,22,1,0
BRDA:288,23,0,4
BRDA:288,23,1,0
BRDA:297,24,0,7
BRDA:297,24,1,0
BRDA:300,25,0,0
BRDA:300,25,1,7
BRDA:303,26,0,0
BRDA:303,26,1,7
BRDA:314,27,0,7
BRDA:314,27,1,0
BRDA:322,28,0,7
BRDA:322,28,1,7
BRDA:322,28,2,7
BRDA:322,28,3,7
BRDA:324,29,0,0
BRDA:324,29,1,7
BRDA:326,30,0,4
BRDA:326,30,1,3
BRDA:328,31,0,0
BRDA:328,31,1,3
BRDA:330,32,0,0
BRDA:330,32,1,3
BRDA:332,33,0,0
BRDA:332,33,1,3
BRDA:361,34,0,7
BRDA:361,34,1,0
BRDA:361,35,0,7
BRDA:361,35,1,7
BRDA:374,36,0,847
BRDA:374,36,1,847
BRDA:377,37,0,0
BRDA:377,37,1,77
BRDA:377,38,0,77
BRDA:377,38,1,0
BRDA:379,39,0,0
BRDA:379,39,1,77
BRDA:420,40,0,0
BRDA:420,40,1,7
BRDA:424,41,0,0
BRDA:424,41,1,0
BRDA:422,42,0,0
BRDA:422,42,1,0
BRDA:468,43,0,0
BRDA:468,43,1,7
BRDA:472,44,0,0
BRDA:472,44,1,0
BRDA:470,45,0,0
BRDA:470,45,1,0
BRDA:516,46,0,0
BRDA:516,46,1,7
BRDA:523,47,0,0
BRDA:523,47,1,7
BRDA:554,48,0,0
BRDA:554,48,1,0
BRDA:554,48,2,0
BRDA:554,48,3,0
BRDA:554,48,4,8
BRDA:583,49,0,0
BRDA:583,49,1,0
BRDA:592,50,0,0
BRDA:592,50,1,0
BRDA:592,50,2,0
BRDA:603,51,0,0
BRDA:603,51,1,0
BRDA:603,52,0,0
BRDA:603,52,1,0
BRDA:604,53,0,0
BRDA:604,53,1,0
BRDA:605,54,0,0
BRDA:605,54,1,0
BRDA:605,55,0,0
BRDA:605,55,1,0
BRDA:606,56,0,0
BRDA:606,56,1,0
BRDA:611,57,0,0
BRDA:611,57,1,0
BRDA:611,58,0,0
BRDA:611,58,1,0
BRDA:612,59,0,0
BRDA:612,59,1,0
BRDA:613,60,0,0
BRDA:613,60,1,0
BRDA:613,61,0,0
BRDA:613,61,1,0
BRDA:614,62,0,0
BRDA:614,62,1,0
BRF:132
BRH:53
end_of_record
TN:
SF:C:\git\opviewer\src\app\layout\reports\dpr\sov\sovreport.module.ts
FN:69,(anonymous_1)
FNF:1
FNH:1
FNDA:3,(anonymous_1)
DA:1,1
DA:2,1
DA:3,1
DA:4,1
DA:5,1
DA:6,1
DA:7,1
DA:8,1
DA:9,1
DA:10,1
DA:11,1
DA:12,1
DA:13,1
DA:14,1
DA:15,1
DA:16,1
DA:17,1
DA:18,1
DA:19,1
DA:20,1
DA:21,1
DA:22,1
DA:23,1
DA:24,1
DA:25,1
DA:26,1
DA:27,1
DA:69,1
LF:28
LH:28
BRF:0
BRH:0
end_of_record
TN:
SF:C:\git\opviewer\src\app\layout\reports\dpr\sov\models\SovData.ts
FN:1,(anonymous_0)
FN:16,SovData
FNF:2
FNH:2
FNDA:1,(anonymous_0)
FNDA:19,SovData
DA:1,1
DA:17,19
DA:18,19
DA:20,1
LF:4
LH:4
BRF:0
BRH:0
end_of_record
TN:
SF:C:\git\opviewer\src\app\layout\reports\dpr\sov\models\SovModel.ts
FN:10,(anonymous_0)
FN:24,SovModel
FNF:2
FNH:2
FNDA:1,(anonymous_0)
FNDA:19,SovModel
DA:1,1
DA:5,1
DA:7,1
DA:10,1
DA:25,19
DA:26,19
DA:28,19
DA:30,19
DA:31,19
DA:32,19
DA:33,19
DA:34,19
[...]
BRDA:228,62,2,4
BRDA:228,62,3,4
BRDA:228,62,4,5
BRDA:228,62,5,5
BRDA:228,62,6,5
BRDA:228,62,7,1
BRDA:228,62,8,1
BRDA:228,62,9,1
BRDA:228,62,10,2
BRDA:228,62,11,3
BRDA:228,62,12,0
BRDA:228,62,13,0
BRDA:228,62,14,0
BRDA:228,62,15,1
BRDA:228,62,16,1
BRDA:228,62,17,1
BRDA:228,62,18,1
BRDA:228,62,19,1
BRDA:228,62,20,0
BRDA:228,62,21,1
BRDA:228,62,22,2
BRDA:228,62,23,2
BRDA:228,62,24,2
BRDA:228,62,25,1
BRDA:228,62,26,9
BRDA:228,62,27,0
BRDA:249,63,0,0
BRDA:249,63,1,3
BRDA:249,63,2,1
BRDA:249,63,3,2
BRDA:249,63,4,2
BRDA:249,63,5,2
BRDA:249,63,6,0
BRDA:249,63,7,0
BRDA:265,64,0,3
BRDA:265,64,1,0
BRDA:266,65,0,7
BRDA:266,65,1,0
BRDA:268,66,0,0
BRDA:268,66,1,0
BRDA:275,67,0,4
BRDA:275,67,1,0
BRDA:275,67,2,2
BRDA:275,67,3,2
BRDA:275,67,4,1
BRDA:275,67,5,5
BRDA:275,67,6,3
BRDA:275,67,7,3
BRDA:275,67,8,0
BRDA:275,67,9,0
BRDA:275,67,10,0
BRDA:293,68,0,4
BRDA:293,68,1,3
BRDA:294,69,0,10
BRDA:294,69,1,0
BRDA:296,70,0,3
BRDA:296,70,1,0
BRDA:304,71,0,0
BRDA:304,71,1,1
BRDA:304,71,2,1
BRDA:304,71,3,0
BRDA:304,71,4,2
BRDA:304,71,5,2
BRDA:304,71,6,2
BRDA:304,71,7,2
BRDA:304,71,8,1
BRDA:304,71,9,0
BRDA:304,71,10,0
BRDA:320,72,0,0
BRDA:320,72,1,3
BRDA:321,73,0,0
BRDA:321,73,1,0
BRDA:323,74,0,3
BRDA:323,74,1,0
BRDA:331,75,0,2
BRDA:331,75,1,2
BRDA:331,75,2,2
BRDA:331,75,3,2
BRDA:331,75,4,0
BRDA:341,76,0,0
BRDA:341,76,1,2
BRDA:342,77,0,0
BRDA:342,77,1,0
BRDA:344,78,0,2
BRDA:344,78,1,0
BRDA:352,79,0,13
BRDA:352,79,1,13
BRDA:352,79,2,13
BRDA:352,79,3,13
BRDA:352,79,4,0
BRDA:352,79,5,0
BRDA:364,80,0,8
BRDA:364,80,1,5
BRDA:365,81,0,8
BRDA:365,81,1,0
BRDA:367,82,0,5
BRDA:367,82,1,0
BRDA:375,83,0,4
BRDA:375,83,1,2
BRDA:375,83,2,1
BRDA:375,83,3,2
BRDA:375,83,4,0
BRDA:387,84,0,1
BRDA:387,84,1,3
BRDA:388,85,0,3
BRDA:388,85,1,0
BRDA:390,86,0,3
BRDA:390,86,1,0
BRDA:428,87,0,2
BRDA:428,87,1,0
BRDA:431,88,0,0
BRDA:431,88,1,0
BRDA:436,89,0,0
BRDA:436,89,1,63
BRDA:439,90,0,62
BRDA:439,90,1,66
BRDA:440,91,0,37
BRDA:440,91,1,25
BRDA:448,92,0,0
BRDA:448,92,1,25
BRF:252
BRH:156
end_of_record
TN:
SF:C:\git\opviewer\src\app\supportModules\datetime.service.ts
FN:10,(anonymous_2)
FN:13,DatetimeService
FN:19,(anonymous_4)
FN:40,(anonymous_5)
FN:45,(anonymous_6)
FN:50,(anonymous_7)
FN:56,(anonymous_8)
FN:62,(anonymous_9)
FN:68,(anonymous_10)
FN:73,(anonymous_11)
FN:89,(anonymous_12)
FN:93,(anonymous_13)
FN:112,(anonymous_14)
FN:128,(anonymous_15)
FN:140,(anonymous_16)
FN:152,(anonymous_17)
FN:156,(anonymous_18)
FN:163,(anonymous_19)
FN:167,(anonymous_20)
FN:176,(anonymous_21)
FN:181,(anonymous_22)
FN:193,(anonymous_23)
FN:198,(anonymous_24)
FN:208,(anonymous_25)
FN:212,(anonymous_26)
FN:217,(anonymous_27)
FN:226,(anonymous_28)
FN:235,(anonymous_29)
FN:246,(anonymous_30)
FN:251,(anonymous_31)
FN:256,(anonymous_32)
FN:260,(anonymous_33)
FN:274,(anonymous_34)
FN:288,(anonymous_35)
FN:298,(anonymous_36)
FN:306,(anonymous_37)
FN:314,(anonymous_38)
FN:325,(anonymous_39)
FN:334,(anonymous_40)
FN:339,(anonymous_41)
FN:343,(anonymous_42)
FN:345,(anonymous_43)
FN:346,(anonymous_44)
FN:347,(anonymous_45)
FN:353,(anonymous_46)
FN:358,(anonymous_47)
FN:381,(anonymous_48)
FN:384,(anonymous_49)
FN:385,(anonymous_50)
FN:387,(anonymous_51)
FN:388,(anonymous_52)
FN:388,(anonymous_53)
FNF:52
FNH:34
FNDA:1,(anonymous_2)
FNDA:73,DatetimeService
FNDA:1,(anonymous_4)
FNDA:0,(anonymous_5)
FNDA:314,(anonymous_6)
FNDA:18,(anonymous_7)
FNDA:127,(anonymous_8)
FNDA:121,(anonymous_9)
FNDA:16,(anonymous_10)
FNDA:18,(anonymous_11)
FNDA:5,(anonymous_12)
FNDA:10,(anonymous_13)
FNDA:8,(anonymous_14)
FNDA:8,(anonymous_15)
FNDA:8,(anonymous_16)
FNDA:22,(anonymous_17)
FNDA:0,(anonymous_18)
FNDA:0,(anonymous_19)
FNDA:9,(anonymous_20)
FNDA:3,(anonymous_21)
FNDA:0,(anonymous_22)
FNDA:0,(anonymous_23)
FNDA:0,(anonymous_24)
FNDA:0,(anonymous_25)
FNDA:0,(anonymous_26)
FNDA:4,(anonymous_27)
FNDA:1,(anonymous_28)
FNDA:3,(anonymous_29)
FNDA:5,(anonymous_30)
FNDA:0,(anonymous_31)
FNDA:0,(anonymous_32)
FNDA:0,(anonymous_33)
FNDA:0,(anonymous_34)
FNDA:1,(anonymous_35)
FNDA:5,(anonymous_36)
FNDA:0,(anonymous_37)
FNDA:2,(anonymous_38)
FNDA:0,(anonymous_39)
FNDA:0,(anonymous_40)
FNDA:0,(anonymous_41)
FNDA:1,(anonymous_42)
FNDA:1,(anonymous_43)
FNDA:0,(anonymous_44)
FNDA:0,(anonymous_45)
FNDA:1,(anonymous_46)
FNDA:1,(anonymous_47)
FNDA:1,(anonymous_48)
FNDA:7,(anonymous_49)
FNDA:1,(anonymous_50)
FNDA:6,(anonymous_51)
FNDA:6,(anonymous_52)
FNDA:6,(anonymous_53)
DA:1,1
DA:3,1
DA:4,1
DA:5,1
DA:10,1
DA:12,1
DA:14,73
DA:16,73
DA:19,2
DA:20,1
DA:21,1
DA:24,1
DA:25,1
DA:27,0
DA:30,1
DA:31,0
DA:32,1
DA:33,0
DA:35,1
DA:37,1
DA:40,1
DA:41,0
DA:42,0
DA:45,1
DA:46,314
DA:47,314
DA:50,1
DA:52,18
DA:53,18
DA:56,1
DA:57,127
DA:59,127
DA:62,1
DA:63,121
DA:64,121
DA:65,121
DA:68,1
DA:70,16
DA:73,1
DA:74,18
DA:75,18
DA:76,8
DA:77,8
DA:78,4
DA:80,4
DA:81,4
DA:83,8
DA:85,10
DA:89,1
DA:90,5
DA:93,1
DA:94,10
DA:95,0
DA:97,10
DA:98,10
DA:99,10
DA:100,10
DA:101,10
DA:102,10
DA:104,0
DA:106,10
DA:108,0
DA:112,1
DA:113,8
DA:114,8
DA:115,8
DA:116,192
DA:117,768
DA:118,768
DA:119,320
DA:121,768
DA:124,8
DA:125,8
DA:128,1
DA:129,8
DA:130,8
DA:131,200
DA:132,200
DA:133,80
DA:135,200
DA:137,8
DA:140,1
DA:141,8
DA:142,8
DA:143,96
DA:144,96
DA:145,16
DA:147,96
DA:149,8
DA:152,1
DA:153,22
DA:156,1
DA:157,0
DA:158,0
DA:159,0
DA:160,0
DA:163,1
DA:164,0
DA:167,1
DA:168,9
DA:169,9
DA:170,9
DA:171,9
DA:172,9
DA:173,9
DA:176,1
DA:177,3
DA:178,3
DA:181,1
DA:182,0
DA:183,0
DA:184,0
DA:185,0
DA:187,0
DA:188,0
DA:193,1
DA:194,0
DA:195,0
DA:198,1
DA:199,0
DA:200,0
DA:201,0
DA:202,0
DA:203,0
DA:204,0
DA:205,0
DA:208,1
DA:209,0
DA:212,1
DA:213,0
DA:214,0
DA:217,1
DA:218,4
DA:219,4
DA:220,4
DA:221,4
DA:222,4
DA:223,4
DA:226,1
DA:227,1
DA:228,1
DA:229,1
DA:230,1
DA:231,1
DA:232,1
DA:235,1
DA:236,3
DA:243,3
DA:246,1
DA:247,5
DA:248,5
DA:251,1
DA:252,0
DA:253,0
DA:256,1
DA:257,0
DA:260,1
DA:261,0
DA:264,0
DA:265,0
DA:267,0
DA:270,0
DA:271,0
DA:274,1
DA:275,0
DA:278,0
DA:279,0
DA:281,0
DA:284,0
DA:285,0
DA:288,1
DA:289,1
DA:291,1
DA:292,2
DA:293,2
DA:295,1
DA:298,10
DA:299,5
DA:300,5
DA:301,5
DA:303,5
DA:306,1
DA:307,0
DA:308,0
DA:310,0
DA:314,1
DA:316,2
DA:321,2
DA:322,2
DA:325,1
DA:326,0
DA:327,0
DA:328,0
DA:330,0
DA:334,1
DA:335,0
DA:336,0
DA:339,1
DA:340,0
DA:343,2
DA:344,1
DA:345,1
DA:346,1
DA:347,1
DA:348,1
DA:350,1
DA:351,1
DA:352,1
DA:353,1
DA:354,1
DA:355,1
DA:356,1
DA:357,1
DA:358,1
DA:359,1
DA:360,1
DA:361,1
DA:364,1
DA:374,1
DA:376,0
DA:377,0
DA:381,1
DA:383,1
DA:384,7
DA:385,1
DA:386,1
DA:387,1
DA:388,6
DA:390,1
DA:393,1
LF:230
LH:172
BRDA:19,0,0,1
BRDA:19,0,1,0
BRDA:20,1,0,1
BRDA:20,1,1,0
BRDA:24,2,0,1
BRDA:24,2,1,0
BRDA:30,3,0,0
BRDA:30,3,1,1
BRDA:30,4,0,1
BRDA:30,4,1,1
BRDA:32,5,0,0
BRDA:32,5,1,1
BRDA:75,6,0,8
BRDA:75,6,1,10
BRDA:77,7,0,4
BRDA:77,7,1,4
BRDA:94,8,0,0
BRDA:94,8,1,10
BRDA:97,9,0,10
BRDA:97,9,1,0
BRDA:101,10,0,10
BRDA:101,10,1,0
BRDA:118,11,0,320
BRDA:118,11,1,448
BRDA:132,12,0,80
BRDA:132,12,1,120
BRDA:144,13,0,16
BRDA:144,13,1,80
BRDA:187,14,0,0
BRDA:187,14,1,0
BRDA:187,15,0,0
BRDA:187,15,1,0
BRDA:187,15,2,0
BRDA:203,16,0,0
BRDA:203,16,1,0
BRDA:204,17,0,0
BRDA:204,17,1,0
BRDA:264,18,0,0
BRDA:264,18,1,0
BRDA:278,19,0,0
BRDA:278,19,1,0
BRDA:298,20,0,5
BRDA:298,20,1,0
BRDA:300,21,0,5
BRDA:300,21,1,0
BRDA:307,22,0,0
BRDA:307,22,1,0
BRDA:326,23,0,0
BRDA:326,23,1,0
BRDA:343,24,0,1
BRDA:343,24,1,0
BRDA:344,25,0,0
BRDA:344,25,1,1
BRDA:344,26,0,1
BRDA:344,26,1,1
BRDA:349,27,0,1
BRDA:349,27,1,0
BRDA:354,28,0,0
BRDA:354,28,1,1
BRDA:355,29,0,0
BRDA:355,29,1,1
BRDA:359,30,0,1
BRDA:359,30,1,0
BRDA:359,31,0,1
BRDA:359,31,1,1
BRDA:383,32,0,1
BRDA:383,32,1,0
BRF:67
BRH:33
end_of_record
TN:
SF:C:\git\opviewer\src\app\supportModules\event.service.ts
FN:6,(anonymous_2)
FN:9,EventService
FN:11,(anonymous_4)
FN:24,(anonymous_5)
FN:31,(anonymous_6)
FNF:5
FNH:3
FNDA:1,(anonymous_2)
FNDA:6,EventService
FNDA:0,(anonymous_4)
FNDA:0,(anonymous_5)
FNDA:1,(anonymous_6)
DA:1,1
DA:6,1
DA:11,1
DA:12,0
DA:13,0
DA:15,0
DA:16,0
DA:17,0
DA:18,0
DA:20,0
DA:24,1
DA:25,0
DA:26,0
DA:27,0
DA:31,1
DA:32,1
DA:33,0
DA:34,0
DA:37,1
LF:19
LH:7
BRDA:11,0,0,0
BRDA:11,0,1,0
BRDA:11,1,0,0
BRDA:11,1,1,0
BRDA:12,2,0,0
BRDA:12,2,1,0
BRDA:17,3,0,0
BRDA:17,3,1,0
BRDA:25,4,0,0
BRDA:25,4,1,0
BRDA:32,5,0,0
BRDA:32,5,1,1
BRF:12
BRH:1
end_of_record
TN:
SF:C:\git\opviewer\src\app\supportModules\gmap.service.ts
FN:16,(anonymous_2)
FN:17,GmapService
FN:167,(anonymous_4)
FN:169,(anonymous_5)
FN:171,(anonymous_6)
FN:183,(anonymous_7)
FN:188,(anonymous_8)
FN:197,(anonymous_9)
FN:205,(anonymous_10)
FN:208,(anonymous_11)
FN:225,(anonymous_12)
FN:239,(anonymous_13)
FN:253,(anonymous_14)
FN:256,(anonymous_15)
FN:262,(anonymous_16)
FN:266,(anonymous_17)
FN:311,(anonymous_18)
FN:314,(anonymous_19)
FN:332,(anonymous_20)
FN:337,(anonymous_21)
FN:351,(anonymous_22)
FN:353,(anonymous_23)
FN:354,(anonymous_24)
FN:366,(anonymous_25)
FN:368,(anonymous_26)
FN:369,(anonymous_27)
FN:381,(anonymous_28)
FN:383,(anonymous_29)
FN:384,(anonymous_30)
FN:397,(anonymous_31)
FN:398,(anonymous_32)
FN:409,(anonymous_33)
FN:411,(anonymous_34)
FN:412,(anonymous_35)
FN:413,(anonymous_36)
FNF:35
FNH:7
FNDA:1,(anonymous_2)
FNDA:2,GmapService
FNDA:1,(anonymous_4)
FNDA:0,(anonymous_5)
FNDA:0,(anonymous_6)
FNDA:0,(anonymous_7)
FNDA:0,(anonymous_8)
FNDA:0,(anonymous_9)
FNDA:0,(anonymous_10)
FNDA:0,(anonymous_11)
FNDA:0,(anonymous_12)
FNDA:0,(anonymous_13)
FNDA:0,(anonymous_14)
FNDA:0,(anonymous_15)
FNDA:1,(anonymous_16)
FNDA:1,(anonymous_17)
FNDA:0,(anonymous_18)
FNDA:0,(anonymous_19)
FNDA:0,(anonymous_20)
FNDA:0,(anonymous_21)
FNDA:0,(anonymous_22)
FNDA:0,(anonymous_23)
FNDA:0,(anonymous_24)
FNDA:0,(anonymous_25)
FNDA:0,(anonymous_26)
FNDA:0,(anonymous_27)
FNDA:0,(anonymous_28)
FNDA:0,(anonymous_29)
FNDA:0,(anonymous_30)
FNDA:1,(anonymous_31)
FNDA:1,(anonymous_32)
FNDA:0,(anonymous_33)
FNDA:0,(anonymous_34)
FNDA:0,(anonymous_35)
FNDA:0,(anonymous_36)
DA:1,1
DA:2,1
DA:3,1
DA:4,1
DA:5,1
DA:6,1
DA:7,1
DA:16,1
DA:18,2
DA:19,2
DA:20,2
DA:23,1
DA:31,1
DA:39,1
DA:47,1
DA:55,1
DA:63,1
DA:71,1
DA:79,1
DA:83,1
DA:87,1
DA:91,1
DA:95,1
DA:103,1
DA:167,1
DA:169,1
DA:170,0
DA:171,0
DA:172,0
DA:173,0
DA:175,0
DA:179,0
DA:183,1
DA:184,0
DA:188,1
DA:189,0
DA:197,1
DA:198,0
DA:199,0
DA:200,0
DA:201,0
DA:202,0
DA:205,0
DA:206,0
DA:208,0
DA:209,0
DA:214,0
DA:216,0
DA:225,1
DA:226,0
DA:227,0
DA:228,0
DA:235,0
DA:237,0
DA:239,0
DA:240,0
DA:241,0
DA:247,0
DA:248,0
DA:253,0
DA:254,0
DA:256,0
DA:257,0
DA:262,1
DA:263,1
DA:266,1
DA:267,1
DA:311,1
DA:313,0
DA:314,0
DA:315,0
DA:316,0
DA:317,0
DA:332,1
DA:334,0
DA:335,0
DA:336,0
DA:337,0
DA:338,0
DA:339,0
DA:340,0
DA:348,0
DA:351,1
DA:352,0
DA:353,0
DA:354,0
DA:355,0
DA:363,0
DA:366,1
DA:367,0
DA:368,0
DA:369,0
DA:370,0
DA:378,0
DA:381,1
DA:382,0
DA:383,0
DA:384,0
DA:385,0
DA:394,0
DA:397,1
DA:398,1
DA:399,1
DA:409,1
DA:410,0
DA:411,0
DA:412,0
DA:413,0
DA:414,0
DA:425,0
DA:427,1
LF:111
LH:44
BRDA:170,0,0,0
BRDA:170,0,1,0
BRDA:172,1,0,0
BRDA:172,1,1,0
BRDA:197,2,0,0
BRDA:197,2,1,0
BRDA:199,3,0,0
BRDA:199,3,1,0
BRDA:201,4,0,0
BRDA:201,4,1,0
BRDA:201,5,0,0
BRDA:201,5,1,0
BRDA:201,5,2,0
BRDA:201,5,3,0
BRDA:227,6,0,0
BRDA:227,6,1,0
BRDA:232,7,0,0
BRDA:232,7,1,0
BRDA:235,8,0,0
BRDA:235,8,1,0
BRDA:240,9,0,0
BRDA:240,9,1,0
BRDA:313,10,0,0
BRDA:313,10,1,0
BRDA:316,11,0,0
BRDA:316,11,1,0
BRDA:332,12,0,0
BRDA:332,12,1,0
BRDA:336,13,0,0
BRDA:336,13,1,0
BRDA:336,14,0,0
BRDA:336,14,1,0
BRDA:336,14,2,0
BRDA:336,14,3,0
BRDA:338,15,0,0
BRDA:338,15,1,0
BRDA:341,16,0,0
BRDA:341,16,1,0
BRDA:342,17,0,0
BRDA:342,17,1,0
BRDA:343,18,0,0
BRDA:343,18,1,0
BRDA:351,19,0,0
BRDA:351,19,1,0
BRDA:351,20,0,0
BRDA:351,20,1,0
BRDA:366,21,0,0
BRDA:366,21,1,0
BRDA:366,22,0,0
BRDA:366,22,1,0
BRDA:381,23,0,0
BRDA:381,23,1,0
BRDA:381,24,0,0
BRDA:381,24,1,0
BRDA:409,25,0,0
BRDA:409,25,1,0
BRDA:409,26,0,0
BRDA:409,26,1,0
BRDA:419,27,0,0
BRDA:419,27,1,0
BRF:60
BRH:0
end_of_record
TN:
SF:C:\git\opviewer\src\app\supportModules\hotkey.service.ts
FN:14,(anonymous_6)
FN:20,Hotkeys
FN:25,(anonymous_8)
FN:29,(anonymous_9)
FN:30,(anonymous_10)
FN:41,(anonymous_11)
FNF:6
FNH:4
FNDA:1,(anonymous_6)
FNDA:1,Hotkeys
FNDA:1,(anonymous_8)
FNDA:1,(anonymous_9)
FNDA:0,(anonymous_10)
FNDA:0,(anonymous_11)
DA:1,1
DA:2,1
DA:3,1
DA:14,1
DA:15,1
DA:21,1
DA:22,1
DA:25,1
DA:26,1
DA:27,1
DA:29,1
DA:30,1
DA:31,0
DA:32,0
DA:34,0
DA:37,1
DA:41,1
DA:42,0
DA:46,1
LF:19
LH:15
BRDA:31,0,0,0
BRDA:31,0,1,0
BRF:2
BRH:0
end_of_record
TN:
SF:C:\git\opviewer\src\app\supportModules\lonlat.service.ts
FN:7,(anonymous_1)
FN:9,(anonymous_3)
FN:12,(anonymous_4)
FN:27,(anonymous_5)
FN:36,(anonymous_6)
FN:51,(anonymous_7)
FN:77,deg2rad
FNF:7
FNH:7
FNDA:6,(anonymous_1)
FNDA:5,(anonymous_3)
FNDA:306,(anonymous_4)
FNDA:300,(anonymous_5)
FNDA:1,(anonymous_6)
FNDA:48,(anonymous_7)
FNDA:4,deg2rad
DA:2,1
DA:7,1
DA:9,1
DA:10,5
DA:12,5
DA:13,306
DA:14,3
DA:19,303
DA:24,306
DA:26,5
DA:27,3
DA:28,300
DA:31,5
DA:36,1
DA:38,1
DA:39,1
DA:40,1
DA:42,1
DA:46,1
DA:47,1
DA:48,1
DA:51,1
DA:52,48
DA:53,48
DA:54,48
DA:55,48
DA:57,48
DA:58,196
DA:59,196
DA:61,196
DA:62,196
DA:63,196
DA:64,196
DA:65,196
DA:66,196
DA:70,48
DA:71,48
DA:72,48
DA:73,48
DA:75,1
DA:78,4
LF:41
LH:41
BRDA:13,0,0,3
BRDA:13,0,1,303
BRDA:26,1,0,3
BRDA:26,1,1,2
BRDA:28,2,0,300
BRDA:28,2,1,300
BRDA:61,3,0,196
BRDA:61,3,1,0
BRDA:61,4,0,196
BRDA:61,4,1,196
BRF:10
BRH:9
end_of_record
TN:
SF:C:\git\opviewer\src\app\supportModules\mocked.common.service.ts
FN:20,(anonymous_8)
FN:21,MockedCommonService
FN:26,(anonymous_10)
FN:31,(anonymous_11)
FN:37,(anonymous_12)
FN:43,(anonymous_13)
FN:46,(anonymous_14)
FN:59,(anonymous_15)
FN:64,(anonymous_16)
FN:68,(anonymous_17)
FN:72,(anonymous_18)
FN:77,(anonymous_19)
FN:151,(anonymous_20)
FN:216,(anonymous_21)
FN:220,(anonymous_22)
FN:223,(anonymous_23)
FN:243,(anonymous_24)
FN:252,(anonymous_25)
FN:253,(anonymous_26)
FN:259,(anonymous_27)
FN:266,(anonymous_28)
FN:271,(anonymous_29)
FN:275,(anonymous_30)
FN:319,(anonymous_31)
FN:344,(anonymous_32)
FN:347,(anonymous_33)
FN:351,(anonymous_34)
FN:355,(anonymous_35)
FN:359,(anonymous_36)
FN:363,(anonymous_37)
FN:368,(anonymous_38)
FN:371,(anonymous_39)
FN:375,(anonymous_40)
FN:405,(anonymous_41)
FN:419,(anonymous_42)
FN:422,(anonymous_43)
FN:425,(anonymous_44)
FN:428,(anonymous_45)
FN:469,(anonymous_46)
FN:478,(anonymous_47)
FN:481,(anonymous_48)
FN:484,(anonymous_49)
FN:489,(anonymous_50)
FN:492,(anonymous_51)
FN:495,(anonymous_52)
FN:500,(anonymous_53)
FN:503,(anonymous_54)
FN:511,(anonymous_55)
FN:514,(anonymous_56)
FN:517,(anonymous_57)
FN:520,(anonymous_58)
FN:523,(anonymous_59)
FN:526,(anonymous_60)
FN:529,(anonymous_61)
FN:541,(anonymous_62)
FN:553,(anonymous_63)
FN:559,(anonymous_64)
FN:577,(anonymous_65)
FN:597,linspace
FN:602,mockSlipGraph
FN:606,(anonymous_68)
FN:607,(anonymous_69)
FN:613,mockWeatherConditions
FN:618,(anonymous_71)
FN:619,(anonymous_72)
FN:620,(anonymous_73)
FN:621,(anonymous_74)
FN:622,(anonymous_75)
FNF:68
FNH:62
FNDA:1,(anonymous_8)
FNDA:90,MockedCommonService
FNDA:77,(anonymous_10)
FNDA:0,(anonymous_11)
FNDA:0,(anonymous_12)
FNDA:0,(anonymous_13)
FNDA:7,(anonymous_14)
FNDA:4,(anonymous_15)
FNDA:4,(anonymous_16)
FNDA:7,(anonymous_17)
FNDA:7,(anonymous_18)
FNDA:6,(anonymous_19)
FNDA:11,(anonymous_20)
FNDA:9,(anonymous_21)
FNDA:4,(anonymous_22)
FNDA:21,(anonymous_23)
FNDA:4,(anonymous_24)
FNDA:7,(anonymous_25)
FNDA:7,(anonymous_26)
FNDA:16,(anonymous_27)
FNDA:1,(anonymous_28)
FNDA:8,(anonymous_29)
FNDA:7,(anonymous_30)
FNDA:4,(anonymous_31)
FNDA:4,(anonymous_32)
FNDA:7,(anonymous_33)
FNDA:7,(anonymous_34)
FNDA:7,(anonymous_35)
FNDA:7,(anonymous_36)
FNDA:0,(anonymous_37)
FNDA:4,(anonymous_38)
FNDA:7,(anonymous_39)
FNDA:7,(anonymous_40)
FNDA:9,(anonymous_41)
FNDA:4,(anonymous_42)
FNDA:4,(anonymous_43)
FNDA:7,(anonymous_44)
FNDA:7,(anonymous_45)
FNDA:7,(anonymous_46)
FNDA:1,(anonymous_47)
FNDA:0,(anonymous_48)
FNDA:1,(anonymous_49)
FNDA:1,(anonymous_50)
FNDA:1,(anonymous_51)
FNDA:2,(anonymous_52)
FNDA:1,(anonymous_53)
FNDA:1,(anonymous_54)
FNDA:14,(anonymous_55)
FNDA:8,(anonymous_56)
FNDA:1,(anonymous_57)
FNDA:4,(anonymous_58)
FNDA:3,(anonymous_59)
FNDA:9,(anonymous_60)
FNDA:9,(anonymous_61)
FNDA:1,(anonymous_62)
FNDA:4,(anonymous_63)
FNDA:1,(anonymous_64)
FNDA:0,(anonymous_65)
FNDA:37,linspace
FNDA:4,mockSlipGraph
FNDA:3460,(anonymous_68)
FNDA:3460,(anonymous_69)
FNDA:11,mockWeatherConditions
FNDA:1595,(anonymous_71)
FNDA:1595,(anonymous_72)
FNDA:1595,(anonymous_73)
FNDA:1595,(anonymous_74)
FNDA:1595,(anonymous_75)
DA:1,1
DA:2,1
DA:6,1
DA:9,1
DA:14,1
DA:20,1
DA:23,90
DA:26,1
DA:27,77
DA:31,1
DA:32,0
DA:33,0
DA:34,0
DA:37,1
DA:38,0
DA:39,0
DA:40,0
DA:43,1
DA:46,7
DA:55,7
DA:56,7
DA:59,1
DA:61,4
DA:62,4
DA:64,1
DA:65,4
DA:66,4
DA:68,1
DA:69,7
DA:70,7
DA:72,1
DA:73,7
DA:74,7
DA:77,1
DA:78,6
DA:79,6
DA:151,1
DA:152,11
DA:153,11
DA:216,1
DA:217,9
DA:218,9
DA:220,1
DA:221,4
DA:223,1
DA:224,21
DA:243,1
DA:244,4
DA:252,1
DA:253,7
DA:254,7
DA:259,7
DA:260,16
DA:262,7
DA:266,1
DA:267,1
DA:271,1
DA:272,8
DA:275,1
DA:277,7
DA:319,1
DA:320,4
DA:344,1
DA:345,4
DA:347,1
DA:349,7
DA:351,1
DA:353,7
DA:355,1
DA:357,7
DA:359,1
DA:361,7
DA:363,1
DA:365,0
DA:368,1
DA:369,4
DA:371,1
DA:372,7
DA:375,1
DA:376,7
DA:377,7
DA:378,7
DA:379,7
DA:380,7
DA:381,448
DA:382,63
DA:384,385
DA:386,448
DA:387,448
DA:389,7
DA:405,1
DA:406,9
DA:419,1
DA:420,4
DA:422,1
DA:423,4
DA:425,1
DA:426,7
DA:428,1
DA:429,7
DA:469,1
DA:470,7
DA:478,1
DA:479,1
DA:481,1
DA:482,0
DA:484,1
DA:485,1
DA:489,1
DA:490,1
DA:492,1
DA:493,1
DA:495,1
DA:496,2
DA:500,1
DA:501,1
DA:503,1
DA:504,1
DA:511,1
DA:512,14
DA:514,1
DA:515,8
DA:517,1
DA:518,1
DA:520,1
DA:521,4
DA:523,1
DA:524,3
DA:526,1
DA:527,9
DA:529,1
DA:530,9
DA:541,1
DA:542,1
DA:553,1
DA:554,4
DA:559,1
DA:560,1
DA:577,1
DA:578,0
DA:580,1
DA:584,1
DA:591,1
DA:597,37
DA:598,37
DA:599,37
DA:603,4
DA:604,4
DA:606,3460
DA:607,3460
DA:614,11
DA:615,11
DA:616,11
DA:618,1595
DA:619,1595
DA:620,1595
DA:621,1595
DA:622,1595
LF:158
LH:149
BRDA:23,0,0,90
BRDA:23,0,1,90
BRDA:37,1,0,0
BRDA:37,1,1,0
BRDA:46,2,0,0
BRDA:46,2,1,7
BRDA:379,3,0,7
BRDA:379,3,1,0
BRDA:381,4,0,63
BRDA:381,4,1,385
BRDA:505,5,0,0
BRDA:505,5,1,1
BRDA:597,6,0,0
BRDA:597,6,1,37
BRDA:607,7,0,4
BRDA:607,7,1,3456
BRDA:607,8,0,3460
BRDA:607,8,1,3456
BRF:18
BRH:12
end_of_record
TN:
SF:C:\git\opviewer\src\app\supportModules\router.service.ts
FN:8,(anonymous_2)
FN:9,RouterService
FN:13,(anonymous_4)
FN:22,(anonymous_5)
FN:37,(anonymous_6)
FN:50,(anonymous_7)
FN:58,(anonymous_8)
FN:62,(anonymous_9)
FN:66,(anonymous_10)
FN:70,(anonymous_11)
FNF:10
FNH:4
FNDA:1,(anonymous_2)
FNDA:9,RouterService
FNDA:1,(anonymous_4)
FNDA:0,(anonymous_5)
FNDA:0,(anonymous_6)
FNDA:0,(anonymous_7)
FNDA:0,(anonymous_8)
FNDA:0,(anonymous_9)
FNDA:1,(anonymous_10)
FNDA:0,(anonymous_11)
DA:1,1
DA:2,1
DA:8,1
DA:10,9
DA:13,1
DA:15,1
DA:16,1
DA:18,1
DA:22,1
DA:23,0
DA:24,0
DA:25,0
DA:26,0
DA:31,0
DA:37,1
DA:38,0
DA:39,0
DA:40,0
DA:43,0
DA:50,1
DA:51,0
DA:58,1
DA:59,0
DA:62,1
DA:63,0
DA:66,1
DA:67,1
DA:70,1
DA:71,0
DA:78,1
LF:30
LH:17
BRDA:15,0,0,1
BRDA:15,0,1,0
BRDA:23,1,0,0
BRDA:23,1,1,0
BRDA:25,2,0,0
BRDA:25,2,1,0
BRDA:38,3,0,0
BRDA:38,3,1,0
BRF:8
BRH:1
end_of_record
TN:
SF:C:\git\opviewer\src\app\supportModules\settings.service.ts
FN:9,(anonymous_2)
FN:25,SettingsService
FN:81,(anonymous_4)
FN:109,(anonymous_5)
FN:111,(anonymous_6)
FN:114,(anonymous_7)
FN:126,(anonymous_8)
FNF:7
FNH:5
FNDA:1,(anonymous_2)
FNDA:77,SettingsService
FNDA:27,(anonymous_4)
FNDA:77,(anonymous_5)
FNDA:77,(anonymous_6)
FNDA:0,(anonymous_7)
FNDA:0,(anonymous_8)
DA:1,1
DA:2,1
DA:3,1
DA:4,1
DA:9,1
DA:10,77
DA:11,77
DA:12,77
DA:13,77
DA:16,77
DA:26,77
DA:28,77
DA:31,77
DA:76,77
DA:77,77
DA:78,77
DA:81,31
DA:84,27
DA:85,27
DA:86,0
DA:88,27
DA:90,10
DA:92,0
DA:94,3
DA:96,6
DA:99,8
DA:101,8
DA:102,8
DA:104,0
DA:109,77
DA:111,77
DA:112,77
DA:113,77
DA:114,77
DA:115,0
DA:116,0
DA:118,0
DA:119,0
DA:126,1
DA:127,0
DA:136,1
LF:41
LH:33
BRDA:81,0,0,4
BRDA:81,0,1,23
BRDA:85,1,0,0
BRDA:85,1,1,27
BRDA:89,2,0,10
BRDA:89,2,1,0
BRDA:89,2,2,3
BRDA:89,2,3,6
BRDA:89,2,4,8
BRDA:89,2,5,0
BRDA:90,3,0,10
BRDA:90,3,1,4
BRDA:112,4,0,77
BRDA:112,4,1,0
BRDA:115,5,0,0
BRDA:115,5,1,0
BRDA:118,6,0,0
BRDA:118,6,1,0
BRDA:118,7,0,0
BRDA:118,7,1,0
BRF:20
BRH:10
end_of_record
TN:
SF:C:\git\opviewer\src\environments\environment.ts
FNF:0
FNH:0
DA:6,1
LF:1
LH:1
BRF:0
BRH:0
end_of_record
